#! /c/Source/iverilog-install/bin/vvp
:ivl_version "12.0 (devel)" "(s20150603-1539-g2693dd32b)";
:ivl_delay_selection "TYPICAL";
:vpi_time_precision - 12;
:vpi_module "C:\iverilog\lib\ivl\system.vpi";
:vpi_module "C:\iverilog\lib\ivl\vhdl_sys.vpi";
:vpi_module "C:\iverilog\lib\ivl\vhdl_textio.vpi";
:vpi_module "C:\iverilog\lib\ivl\v2005_math.vpi";
:vpi_module "C:\iverilog\lib\ivl\va_math.vpi";
S_00000215533856e0 .scope module, "cpu_tb" "cpu_tb" 2 11;
 .timescale -9 -12;
v0000021553447fd0_0 .var "PC_prv", 31 0;
v0000021553448250_0 .var "clock", 0 0;
v0000021553448b10_0 .var/i "f", 31 0;
v00000215534472b0_0 .var/i "i", 31 0;
v0000021553448610_0 .var "reset", 0 0;
v0000021553447cb0_0 .net "stringvar", 208 1, L_00000215534a2c80;  1 drivers
S_000002155332a6a0 .scope module, "cpu0" "cpu" 2 19, 3 7 0, S_00000215533856e0;
 .timescale -9 -12;
    .port_info 0 /INPUT 1 "clock";
    .port_info 1 /INPUT 1 "reset";
L_0000021553449638 .functor BUFT 1, C4<0>, C4<0>, C4<0>, C4<0>;
L_000002155335f3f0 .functor XNOR 1, v0000021553443ae0_0, L_0000021553449638, C4<0>, C4<0>;
v0000021553441350_0 .net "ALUInA", 31 0, L_0000021553447ad0;  1 drivers
v0000021553440090_0 .net "ALUInB", 31 0, L_00000215534473f0;  1 drivers
v00000215534409f0_0 .net "ALUOp", 3 0, v0000021553361e70_0;  1 drivers
v0000021553441490_0 .net "ALUOut", 31 0, L_00000215534a1600;  1 drivers
v00000215534415d0_0 .net "ALUSrc", 0 0, v0000021553361fb0_0;  1 drivers
v0000021553441670_0 .net "ALUcntrl", 1 0, v0000021553361d30_0;  1 drivers
v0000021553441710_0 .net "Branch", 0 0, v0000021553361dd0_0;  1 drivers
v00000215534401d0_0 .net "DMemOut", 31 0, L_00000215534a1380;  1 drivers
v00000215534417b0_0 .var "EXMEM_ALUOut", 31 0;
v00000215534418f0_0 .var "EXMEM_Branch", 0 0;
v0000021553440590_0 .var "EXMEM_MemRead", 0 0;
v00000215534420a0_0 .var "EXMEM_MemToReg", 0 0;
v00000215534437c0_0 .var "EXMEM_MemWrite", 0 0;
v0000021553443a40_0 .var "EXMEM_MemWriteData", 31 0;
v0000021553442500_0 .var "EXMEM_RegWrite", 0 0;
v0000021553442960_0 .var "EXMEM_RegWriteAddr", 4 0;
v0000021553442be0_0 .var "EXMEM_Zero", 0 0;
v0000021553442d20_0 .var "EXMEM_instr_rd", 4 0;
v00000215534425a0_0 .var "IDEX_ALUSrc", 0 0;
v0000021553443400_0 .var "IDEX_ALUcntrl", 1 0;
v0000021553443220_0 .var "IDEX_Branch", 0 0;
v0000021553442fa0_0 .var "IDEX_MemRead", 0 0;
v0000021553442640_0 .var "IDEX_MemToReg", 0 0;
v00000215534432c0_0 .var "IDEX_MemWrite", 0 0;
v0000021553443ae0_0 .var "IDEX_RegDst", 0 0;
v0000021553442dc0_0 .var "IDEX_RegWrite", 0 0;
v0000021553442280_0 .var "IDEX_instr_rd", 4 0;
v00000215534435e0_0 .var "IDEX_instr_rs", 4 0;
v0000021553442c80_0 .var "IDEX_instr_rt", 4 0;
v0000021553442140_0 .var "IDEX_instr_shamt", 4 0;
v0000021553443f40_0 .var "IDEX_rdA", 31 0;
v0000021553443cc0_0 .var "IDEX_rdB", 31 0;
v0000021553443180_0 .var "IDEX_signExtend", 31 0;
v0000021553442e60_0 .var "IFID_PCplus4", 31 0;
v0000021553443ea0_0 .var "IFID_instr", 31 0;
v0000021553443680_0 .net "IFID_write", 0 0, v0000021553441990_0;  1 drivers
v0000021553442f00_0 .var "Iren", 0 0;
v0000021553443b80_0 .var "Iwen", 0 0;
v00000215534421e0_0 .var "MEMWB_ALUOut", 31 0;
v0000021553443360_0 .var "MEMWB_DMemOut", 31 0;
v0000021553443040_0 .var "MEMWB_MemToReg", 0 0;
v00000215534426e0_0 .var "MEMWB_RegWrite", 0 0;
v0000021553443c20_0 .var "MEMWB_RegWriteAddr", 4 0;
v00000215534428c0_0 .var "MEMWB_instr_rd", 4 0;
v0000021553442320_0 .net "MemRead", 0 0, v0000021553360e30_0;  1 drivers
v0000021553443720_0 .net "MemToReg", 0 0, v0000021553360930_0;  1 drivers
v0000021553442460_0 .net "MemWrite", 0 0, v0000021553361830_0;  1 drivers
v0000021553442a00_0 .net "MemWriteData", 31 0, L_0000021553448f70;  1 drivers
v0000021553443860_0 .var "PC", 31 0;
v0000021553443900_0 .net "PC_write", 0 0, v0000021553441df0_0;  1 drivers
v00000215534434a0_0 .net "RegDst", 0 0, v0000021553362050_0;  1 drivers
v0000021553443d60_0 .net "RegWrite", 0 0, v0000021553360a70_0;  1 drivers
v00000215534423c0_0 .net "RegWriteAddr", 4 0, L_00000215534a2d20;  1 drivers
v00000215534430e0_0 .net "Zero", 0 0, L_00000215534a11a0;  1 drivers
L_00000215534491b8 .functor BUFT 1, C4<00>, C4<0>, C4<0>, C4<0>;
v00000215534439a0_0 .net/2u *"_ivl_0", 1 0, L_00000215534491b8;  1 drivers
v0000021553442780_0 .net *"_ivl_21", 0 0, L_0000021553447170;  1 drivers
v0000021553442820_0 .net *"_ivl_22", 15 0, L_0000021553447c10;  1 drivers
v0000021553442aa0_0 .net *"_ivl_27", 0 0, L_00000215534481b0;  1 drivers
v0000021553442b40_0 .net *"_ivl_29", 0 0, L_0000021553448570;  1 drivers
v0000021553443540_0 .net *"_ivl_3", 29 0, L_0000021553447e90;  1 drivers
v0000021553443e00_0 .net *"_ivl_30", 31 0, L_0000021553448110;  1 drivers
v0000021553445550_0 .net *"_ivl_35", 0 0, L_0000021553448d90;  1 drivers
v0000021553445870_0 .net *"_ivl_37", 0 0, L_00000215534484d0;  1 drivers
v00000215534440b0_0 .net *"_ivl_38", 31 0, L_0000021553447b70;  1 drivers
L_0000021553449290 .functor BUFT 1, C4<00000>, C4<0>, C4<0>, C4<0>;
v0000021553444150_0 .net/2u *"_ivl_42", 4 0, L_0000021553449290;  1 drivers
v0000021553444790_0 .net *"_ivl_44", 0 0, L_00000215534486b0;  1 drivers
v0000021553445910_0 .net *"_ivl_46", 31 0, L_0000021553447210;  1 drivers
L_00000215534492d8 .functor BUFT 1, C4<000000000000000000000000000>, C4<0>, C4<0>, C4<0>;
v0000021553444650_0 .net *"_ivl_49", 26 0, L_00000215534492d8;  1 drivers
v00000215534455f0_0 .net/2u *"_ivl_54", 0 0, L_0000021553449638;  1 drivers
v0000021553445230_0 .net *"_ivl_56", 0 0, L_000002155335f3f0;  1 drivers
v00000215534445b0_0 .net "clock", 0 0, v0000021553448250_0;  1 drivers
o00000215533e0b98 .functor BUFZ 32, C4<zzzzzzzzzzzzzzzzzzzzzzzzzzzzzzzz>; HiZ drive
v00000215534441f0_0 .net "din", 31 0, o00000215533e0b98;  0 drivers
v0000021553444290_0 .net "fA", 1 0, v0000021553441a30_0;  1 drivers
v0000021553444a10_0 .net "fB", 1 0, v0000021553440630_0;  1 drivers
v0000021553444330_0 .net "func", 5 0, L_0000021553448390;  1 drivers
v00000215534446f0_0 .net "hazard_signal", 0 0, v0000021553440770_0;  1 drivers
v0000021553445af0_0 .net "imm", 15 0, L_00000215534477b0;  1 drivers
v0000021553444970_0 .net "in_ALUInB", 31 0, L_0000021553448890;  1 drivers
v00000215534443d0_0 .net "instr", 31 0, L_0000021553448bb0;  1 drivers
v00000215534459b0_0 .net "instr_rd", 4 0, L_0000021553447710;  1 drivers
v0000021553444ab0_0 .net "instr_rs", 4 0, L_0000021553448e30;  1 drivers
v0000021553445a50_0 .net "instr_rt", 4 0, L_0000021553448430;  1 drivers
v00000215534457d0_0 .net "instr_shamt", 4 0, L_0000021553447d50;  1 drivers
v0000021553445190_0 .net "opcode", 5 0, L_00000215534482f0;  1 drivers
v0000021553444470_0 .net "rdA", 31 0, L_000002155335ef90;  1 drivers
v0000021553444b50_0 .net "rdB", 31 0, L_000002155335f310;  1 drivers
v00000215534448d0_0 .net "reset", 0 0, v0000021553448610_0;  1 drivers
v0000021553444bf0_0 .net "signExtend", 31 0, L_00000215534478f0;  1 drivers
v0000021553444510_0 .net "wRegData", 31 0, L_00000215534a2be0;  1 drivers
E_00000215533686b0/0 .event negedge, v00000215533610b0_0;
E_00000215533686b0/1 .event posedge, v0000021553361b50_0;
E_00000215533686b0 .event/or E_00000215533686b0/0, E_00000215533686b0/1;
L_0000021553447e90 .part v0000021553443860_0, 2, 30;
L_0000021553447350 .concat [ 30 2 0 0], L_0000021553447e90, L_00000215534491b8;
L_00000215534482f0 .part v0000021553443ea0_0, 26, 6;
L_0000021553448390 .part v0000021553443ea0_0, 0, 6;
L_0000021553448e30 .part v0000021553443ea0_0, 21, 5;
L_0000021553448430 .part v0000021553443ea0_0, 16, 5;
L_0000021553447710 .part v0000021553443ea0_0, 11, 5;
L_00000215534477b0 .part v0000021553443ea0_0, 0, 16;
L_0000021553447d50 .part v0000021553443ea0_0, 6, 5;
L_0000021553447170 .part L_00000215534477b0, 15, 1;
LS_0000021553447c10_0_0 .concat [ 1 1 1 1], L_0000021553447170, L_0000021553447170, L_0000021553447170, L_0000021553447170;
LS_0000021553447c10_0_4 .concat [ 1 1 1 1], L_0000021553447170, L_0000021553447170, L_0000021553447170, L_0000021553447170;
LS_0000021553447c10_0_8 .concat [ 1 1 1 1], L_0000021553447170, L_0000021553447170, L_0000021553447170, L_0000021553447170;
LS_0000021553447c10_0_12 .concat [ 1 1 1 1], L_0000021553447170, L_0000021553447170, L_0000021553447170, L_0000021553447170;
L_0000021553447c10 .concat [ 4 4 4 4], LS_0000021553447c10_0_0, LS_0000021553447c10_0_4, LS_0000021553447c10_0_8, LS_0000021553447c10_0_12;
L_00000215534478f0 .concat [ 16 16 0 0], L_00000215534477b0, L_0000021553447c10;
L_00000215534481b0 .part v0000021553441a30_0, 0, 1;
L_0000021553448570 .part v0000021553441a30_0, 1, 1;
L_0000021553448110 .functor MUXZ 32, v0000021553443f40_0, v00000215534417b0_0, L_0000021553448570, C4<>;
L_0000021553447ad0 .functor MUXZ 32, L_0000021553448110, L_00000215534a2be0, L_00000215534481b0, C4<>;
L_0000021553448d90 .part v0000021553440630_0, 0, 1;
L_00000215534484d0 .part v0000021553440630_0, 1, 1;
L_0000021553447b70 .functor MUXZ 32, v0000021553443cc0_0, v00000215534417b0_0, L_00000215534484d0, C4<>;
L_0000021553448f70 .functor MUXZ 32, L_0000021553447b70, L_00000215534a2be0, L_0000021553448d90, C4<>;
L_00000215534486b0 .cmp/ne 5, v0000021553442140_0, L_0000021553449290;
L_0000021553447210 .concat [ 5 27 0 0], v0000021553442140_0, L_00000215534492d8;
L_00000215534473f0 .functor MUXZ 32, L_0000021553448890, L_0000021553447210, L_00000215534486b0, C4<>;
L_0000021553448890 .functor MUXZ 32, L_0000021553448f70, v0000021553443180_0, v00000215534425a0_0, C4<>;
L_00000215534a2d20 .functor MUXZ 5, v0000021553442280_0, v0000021553442c80_0, L_000002155335f3f0, C4<>;
L_00000215534a16a0 .part v0000021553443180_0, 0, 6;
L_00000215534a2be0 .functor MUXZ 32, v00000215534421e0_0, v0000021553443360_0, v0000021553443040_0, C4<>;
S_000002155332a830 .scope module, "control_alu" "control_alu" 3 201, 4 145 0, S_000002155332a6a0;
 .timescale -9 -12;
    .port_info 0 /OUTPUT 4 "ALUOp";
    .port_info 1 /INPUT 2 "ALUcntrl";
    .port_info 2 /INPUT 6 "func";
v0000021553361e70_0 .var "ALUOp", 3 0;
v0000021553361290_0 .net "ALUcntrl", 1 0, v0000021553443400_0;  1 drivers
v0000021553360890_0 .net "func", 5 0, L_00000215534a16a0;  1 drivers
E_0000021553368930 .event anyedge, v0000021553360890_0, v0000021553361290_0;
S_000002155332e270 .scope module, "control_main" "control_main" 3 134, 4 5 0, S_000002155332a6a0;
 .timescale -9 -12;
    .port_info 0 /OUTPUT 1 "RegDst";
    .port_info 1 /OUTPUT 1 "Branch";
    .port_info 2 /OUTPUT 1 "MemRead";
    .port_info 3 /OUTPUT 1 "MemWrite";
    .port_info 4 /OUTPUT 1 "MemToReg";
    .port_info 5 /OUTPUT 1 "ALUSrc";
    .port_info 6 /OUTPUT 1 "RegWrite";
    .port_info 7 /OUTPUT 2 "ALUcntrl";
    .port_info 8 /INPUT 6 "opcode";
v0000021553361fb0_0 .var "ALUSrc", 0 0;
v0000021553361d30_0 .var "ALUcntrl", 1 0;
v0000021553361dd0_0 .var "Branch", 0 0;
v0000021553360e30_0 .var "MemRead", 0 0;
v0000021553360930_0 .var "MemToReg", 0 0;
v0000021553361830_0 .var "MemWrite", 0 0;
v0000021553362050_0 .var "RegDst", 0 0;
v0000021553360a70_0 .var "RegWrite", 0 0;
v00000215533618d0_0 .net "opcode", 5 0, L_00000215534482f0;  alias, 1 drivers
E_0000021553369970 .event anyedge, v00000215533618d0_0;
S_000002155332e400 .scope module, "cpu_DMem" "Memory" 3 214, 5 34 0, S_000002155332a6a0;
 .timescale -9 -12;
    .port_info 0 /INPUT 1 "clock";
    .port_info 1 /INPUT 1 "reset";
    .port_info 2 /INPUT 1 "ren";
    .port_info 3 /INPUT 1 "wen";
    .port_info 4 /INPUT 32 "addr";
    .port_info 5 /INPUT 32 "din";
    .port_info 6 /OUTPUT 32 "dout";
L_0000021553449680 .functor BUFT 1, C4<0>, C4<0>, C4<0>, C4<0>;
L_000002155335f4d0 .functor XNOR 1, v00000215534437c0_0, L_0000021553449680, C4<0>, C4<0>;
L_00000215534496c8 .functor BUFT 1, C4<1>, C4<0>, C4<0>, C4<0>;
L_000002155335f620 .functor XNOR 1, v0000021553440590_0, L_00000215534496c8, C4<0>, C4<0>;
L_000002155335e740 .functor AND 1, L_000002155335f4d0, L_000002155335f620, C4<1>, C4<1>;
v0000021553360610_0 .net/2u *"_ivl_0", 0 0, L_0000021553449680;  1 drivers
v0000021553362230_0 .net *"_ivl_10", 31 0, L_00000215534a1240;  1 drivers
v0000021553360cf0_0 .net *"_ivl_13", 9 0, L_00000215534a1740;  1 drivers
v00000215533606b0_0 .net *"_ivl_14", 13 0, L_00000215534a12e0;  1 drivers
L_0000021553449710 .functor BUFT 1, C4<0000>, C4<0>, C4<0>, C4<0>;
v00000215533620f0_0 .net *"_ivl_17", 3 0, L_0000021553449710;  1 drivers
L_0000021553449758 .functor BUFT 1, C4<xxxxxxxxxxxxxxxxxxxxxxxxxxxxxxxx>, C4<0>, C4<0>, C4<0>;
v0000021553362190_0 .net *"_ivl_18", 31 0, L_0000021553449758;  1 drivers
v0000021553360ed0_0 .net *"_ivl_2", 0 0, L_000002155335f4d0;  1 drivers
v0000021553361970_0 .net/2u *"_ivl_4", 0 0, L_00000215534496c8;  1 drivers
v0000021553361330_0 .net *"_ivl_6", 0 0, L_000002155335f620;  1 drivers
v0000021553361510_0 .net *"_ivl_9", 0 0, L_000002155335e740;  1 drivers
v0000021553361ab0_0 .net "addr", 31 0, v00000215534417b0_0;  1 drivers
v0000021553361b50_0 .net "clock", 0 0, v0000021553448250_0;  alias, 1 drivers
v0000021553360750 .array "data", 0 4095, 31 0;
v00000215533607f0_0 .net "din", 31 0, v0000021553443a40_0;  1 drivers
v0000021553360b10_0 .net "dout", 31 0, L_00000215534a1380;  alias, 1 drivers
v0000021553360bb0_0 .net "ren", 0 0, v0000021553440590_0;  1 drivers
v00000215533610b0_0 .net "reset", 0 0, v0000021553448610_0;  alias, 1 drivers
v0000021553360c50_0 .net "wen", 0 0, v00000215534437c0_0;  1 drivers
E_000002155336be30 .event negedge, v0000021553361b50_0;
E_000002155336b7f0 .event posedge, v0000021553360c50_0, v0000021553360bb0_0;
E_000002155336b2f0 .event anyedge, v0000021553360c50_0, v0000021553360bb0_0;
L_00000215534a1240 .array/port v0000021553360750, L_00000215534a12e0;
L_00000215534a1740 .part v00000215534417b0_0, 0, 10;
L_00000215534a12e0 .concat [ 10 4 0 0], L_00000215534a1740, L_0000021553449710;
L_00000215534a1380 .functor MUXZ 32, L_0000021553449758, L_00000215534a1240, L_000002155335e740, C4<>;
S_00000215532df420 .scope module, "cpu_IMem" "Memory" 3 66, 5 34 0, S_000002155332a6a0;
 .timescale -9 -12;
    .port_info 0 /INPUT 1 "clock";
    .port_info 1 /INPUT 1 "reset";
    .port_info 2 /INPUT 1 "ren";
    .port_info 3 /INPUT 1 "wen";
    .port_info 4 /INPUT 32 "addr";
    .port_info 5 /INPUT 32 "din";
    .port_info 6 /OUTPUT 32 "dout";
L_0000021553449098 .functor BUFT 1, C4<0>, C4<0>, C4<0>, C4<0>;
L_000002155335f2a0 .functor XNOR 1, v0000021553443b80_0, L_0000021553449098, C4<0>, C4<0>;
L_00000215534490e0 .functor BUFT 1, C4<1>, C4<0>, C4<0>, C4<0>;
L_000002155335eeb0 .functor XNOR 1, v0000021553442f00_0, L_00000215534490e0, C4<0>, C4<0>;
L_000002155335f540 .functor AND 1, L_000002155335f2a0, L_000002155335eeb0, C4<1>, C4<1>;
v0000021553360d90_0 .net/2u *"_ivl_0", 0 0, L_0000021553449098;  1 drivers
v0000021553360f70_0 .net *"_ivl_10", 31 0, L_00000215534489d0;  1 drivers
v0000021553361150_0 .net *"_ivl_13", 9 0, L_00000215534475d0;  1 drivers
v000002155343bc90_0 .net *"_ivl_14", 13 0, L_0000021553447530;  1 drivers
L_0000021553449128 .functor BUFT 1, C4<0000>, C4<0>, C4<0>, C4<0>;
v000002155343ae30_0 .net *"_ivl_17", 3 0, L_0000021553449128;  1 drivers
L_0000021553449170 .functor BUFT 1, C4<xxxxxxxxxxxxxxxxxxxxxxxxxxxxxxxx>, C4<0>, C4<0>, C4<0>;
v000002155343b470_0 .net *"_ivl_18", 31 0, L_0000021553449170;  1 drivers
v000002155343af70_0 .net *"_ivl_2", 0 0, L_000002155335f2a0;  1 drivers
v000002155343a610_0 .net/2u *"_ivl_4", 0 0, L_00000215534490e0;  1 drivers
v000002155343be70_0 .net *"_ivl_6", 0 0, L_000002155335eeb0;  1 drivers
v000002155343a890_0 .net *"_ivl_9", 0 0, L_000002155335f540;  1 drivers
v000002155343a4d0_0 .net "addr", 31 0, L_0000021553447350;  1 drivers
v000002155343a6b0_0 .net "clock", 0 0, v0000021553448250_0;  alias, 1 drivers
v000002155343a750 .array "data", 0 4095, 31 0;
v000002155343bb50_0 .net "din", 31 0, o00000215533e0b98;  alias, 0 drivers
v000002155343bbf0_0 .net "dout", 31 0, L_0000021553448bb0;  alias, 1 drivers
v000002155343bdd0_0 .net "ren", 0 0, v0000021553442f00_0;  1 drivers
v000002155343b8d0_0 .net "reset", 0 0, v0000021553448610_0;  alias, 1 drivers
v000002155343a9d0_0 .net "wen", 0 0, v0000021553443b80_0;  1 drivers
E_000002155336b670 .event posedge, v000002155343a9d0_0, v000002155343bdd0_0;
E_000002155336ba30 .event anyedge, v000002155343a9d0_0, v000002155343bdd0_0;
L_00000215534489d0 .array/port v000002155343a750, L_0000021553447530;
L_00000215534475d0 .part L_0000021553447350, 0, 10;
L_0000021553447530 .concat [ 10 4 0 0], L_00000215534475d0, L_0000021553449128;
L_0000021553448bb0 .functor MUXZ 32, L_0000021553449170, L_00000215534489d0, L_000002155335f540, C4<>;
S_00000215532df5b0 .scope module, "cpu_alu" "ALU" 3 165, 5 11 0, S_000002155332a6a0;
 .timescale -9 -12;
    .port_info 0 /OUTPUT 32 "out";
    .port_info 1 /OUTPUT 1 "zero";
    .port_info 2 /INPUT 32 "inA";
    .port_info 3 /INPUT 32 "inB";
    .port_info 4 /INPUT 4 "op";
P_000002155336bf30 .param/l "N" 0 5 11, +C4<00000000000000000000000000100000>;
L_000002155335e890 .functor AND 32, L_0000021553447ad0, L_00000215534473f0, C4<11111111111111111111111111111111>, C4<11111111111111111111111111111111>;
L_000002155335f070 .functor OR 32, L_0000021553447ad0, L_00000215534473f0, C4<00000000000000000000000000000000>, C4<00000000000000000000000000000000>;
L_000002155335e9e0 .functor OR 32, L_0000021553447ad0, L_00000215534473f0, C4<00000000000000000000000000000000>, C4<00000000000000000000000000000000>;
L_000002155335f000 .functor NOT 32, L_000002155335e9e0, C4<00000000000000000000000000000000>, C4<00000000000000000000000000000000>, C4<00000000000000000000000000000000>;
L_0000021553449320 .functor BUFT 1, C4<0000>, C4<0>, C4<0>, C4<0>;
v000002155343b790_0 .net/2u *"_ivl_0", 3 0, L_0000021553449320;  1 drivers
v000002155343b330_0 .net *"_ivl_10", 31 0, L_000002155335f070;  1 drivers
L_00000215534493b0 .functor BUFT 1, C4<0010>, C4<0>, C4<0>, C4<0>;
v000002155343a110_0 .net/2u *"_ivl_12", 3 0, L_00000215534493b0;  1 drivers
v000002155343aed0_0 .net *"_ivl_14", 0 0, L_0000021553448930;  1 drivers
v000002155343b290_0 .net *"_ivl_16", 31 0, L_0000021553448c50;  1 drivers
L_00000215534493f8 .functor BUFT 1, C4<0110>, C4<0>, C4<0>, C4<0>;
v000002155343b510_0 .net/2u *"_ivl_18", 3 0, L_00000215534493f8;  1 drivers
v000002155343a250_0 .net *"_ivl_2", 0 0, L_00000215534487f0;  1 drivers
v000002155343ab10_0 .net *"_ivl_20", 0 0, L_0000021553447490;  1 drivers
v000002155343bab0_0 .net *"_ivl_22", 31 0, L_00000215534a2dc0;  1 drivers
L_0000021553449440 .functor BUFT 1, C4<0111>, C4<0>, C4<0>, C4<0>;
v000002155343b3d0_0 .net/2u *"_ivl_24", 3 0, L_0000021553449440;  1 drivers
v000002155343bd30_0 .net *"_ivl_26", 0 0, L_00000215534a1560;  1 drivers
v000002155343b0b0_0 .net *"_ivl_28", 0 0, L_00000215534a2460;  1 drivers
L_0000021553449488 .functor BUFT 1, C4<00000000000000000000000000000001>, C4<0>, C4<0>, C4<0>;
v000002155343ad90_0 .net/2u *"_ivl_30", 31 0, L_0000021553449488;  1 drivers
L_00000215534494d0 .functor BUFT 1, C4<00000000000000000000000000000000>, C4<0>, C4<0>, C4<0>;
v000002155343b150_0 .net/2u *"_ivl_32", 31 0, L_00000215534494d0;  1 drivers
v000002155343abb0_0 .net *"_ivl_34", 31 0, L_00000215534a1ce0;  1 drivers
L_0000021553449518 .functor BUFT 1, C4<1000>, C4<0>, C4<0>, C4<0>;
v000002155343acf0_0 .net/2u *"_ivl_36", 3 0, L_0000021553449518;  1 drivers
v000002155343bf10_0 .net *"_ivl_38", 0 0, L_00000215534a2f00;  1 drivers
v000002155343ac50_0 .net *"_ivl_4", 31 0, L_000002155335e890;  1 drivers
v000002155343a7f0_0 .net *"_ivl_40", 31 0, L_00000215534a1f60;  1 drivers
L_0000021553449560 .functor BUFT 1, C4<1100>, C4<0>, C4<0>, C4<0>;
v000002155343b1f0_0 .net/2u *"_ivl_42", 3 0, L_0000021553449560;  1 drivers
v000002155343a930_0 .net *"_ivl_44", 0 0, L_00000215534a2e60;  1 drivers
v000002155343aa70_0 .net *"_ivl_46", 31 0, L_000002155335e9e0;  1 drivers
v000002155343b830_0 .net *"_ivl_48", 31 0, L_000002155335f000;  1 drivers
L_00000215534495a8 .functor BUFT 1, C4<xxxxxxxxxxxxxxxxxxxxxxxxxxxxxxxx>, C4<0>, C4<0>, C4<0>;
v000002155343b010_0 .net *"_ivl_50", 31 0, L_00000215534495a8;  1 drivers
v000002155343a1b0_0 .net *"_ivl_52", 31 0, L_00000215534a2b40;  1 drivers
v000002155343a070_0 .net *"_ivl_54", 31 0, L_00000215534a2fa0;  1 drivers
v000002155343a2f0_0 .net *"_ivl_56", 31 0, L_00000215534a2960;  1 drivers
v000002155343a390_0 .net *"_ivl_58", 31 0, L_00000215534a1100;  1 drivers
L_0000021553449368 .functor BUFT 1, C4<0001>, C4<0>, C4<0>, C4<0>;
v000002155343a430_0 .net/2u *"_ivl_6", 3 0, L_0000021553449368;  1 drivers
v000002155343b5b0_0 .net *"_ivl_60", 31 0, L_00000215534a1d80;  1 drivers
v000002155343a570_0 .net *"_ivl_62", 31 0, L_00000215534a26e0;  1 drivers
L_00000215534495f0 .functor BUFT 1, C4<00000000000000000000000000000000>, C4<0>, C4<0>, C4<0>;
v000002155343b650_0 .net/2u *"_ivl_66", 31 0, L_00000215534495f0;  1 drivers
v000002155343b6f0_0 .net *"_ivl_8", 0 0, L_0000021553448750;  1 drivers
v000002155343b970_0 .net "inA", 31 0, L_0000021553447ad0;  alias, 1 drivers
v000002155343ba10_0 .net "inB", 31 0, L_00000215534473f0;  alias, 1 drivers
v0000021553440a90_0 .net "op", 3 0, v0000021553361e70_0;  alias, 1 drivers
v0000021553440db0_0 .net "out", 31 0, L_00000215534a1600;  alias, 1 drivers
v0000021553440130_0 .net "zero", 0 0, L_00000215534a11a0;  alias, 1 drivers
L_00000215534487f0 .cmp/eq 4, v0000021553361e70_0, L_0000021553449320;
L_0000021553448750 .cmp/eq 4, v0000021553361e70_0, L_0000021553449368;
L_0000021553448930 .cmp/eq 4, v0000021553361e70_0, L_00000215534493b0;
L_0000021553448c50 .arith/sum 32, L_0000021553447ad0, L_00000215534473f0;
L_0000021553447490 .cmp/eq 4, v0000021553361e70_0, L_00000215534493f8;
L_00000215534a2dc0 .arith/sub 32, L_0000021553447ad0, L_00000215534473f0;
L_00000215534a1560 .cmp/eq 4, v0000021553361e70_0, L_0000021553449440;
L_00000215534a2460 .cmp/gt 32, L_00000215534473f0, L_0000021553447ad0;
L_00000215534a1ce0 .functor MUXZ 32, L_00000215534494d0, L_0000021553449488, L_00000215534a2460, C4<>;
L_00000215534a2f00 .cmp/eq 4, v0000021553361e70_0, L_0000021553449518;
L_00000215534a1f60 .shift/l 32, L_0000021553447ad0, L_00000215534473f0;
L_00000215534a2e60 .cmp/eq 4, v0000021553361e70_0, L_0000021553449560;
L_00000215534a2b40 .functor MUXZ 32, L_00000215534495a8, L_000002155335f000, L_00000215534a2e60, C4<>;
L_00000215534a2fa0 .functor MUXZ 32, L_00000215534a2b40, L_00000215534a1f60, L_00000215534a2f00, C4<>;
L_00000215534a2960 .functor MUXZ 32, L_00000215534a2fa0, L_00000215534a1ce0, L_00000215534a1560, C4<>;
L_00000215534a1100 .functor MUXZ 32, L_00000215534a2960, L_00000215534a2dc0, L_0000021553447490, C4<>;
L_00000215534a1d80 .functor MUXZ 32, L_00000215534a1100, L_0000021553448c50, L_0000021553448930, C4<>;
L_00000215534a26e0 .functor MUXZ 32, L_00000215534a1d80, L_000002155335f070, L_0000021553448750, C4<>;
L_00000215534a1600 .functor MUXZ 32, L_00000215534a26e0, L_000002155335e890, L_00000215534487f0, C4<>;
L_00000215534a11a0 .cmp/eq 32, L_00000215534a1600, L_00000215534495f0;
S_00000215532d94a0 .scope module, "cpu_fu" "forwarding_unit" 3 204, 4 73 0, S_000002155332a6a0;
 .timescale -9 -12;
    .port_info 0 /OUTPUT 2 "fA";
    .port_info 1 /OUTPUT 2 "fB";
    .port_info 2 /INPUT 1 "EXMEM_RegWrite";
    .port_info 3 /INPUT 5 "EXMEM_instr_rd";
    .port_info 4 /INPUT 1 "MEMWB_RegWrite";
    .port_info 5 /INPUT 5 "MEMWB_instr_rd";
    .port_info 6 /INPUT 5 "IDEX_instr_rt";
    .port_info 7 /INPUT 5 "IDEX_instr_rs";
v0000021553440310_0 .net "EXMEM_RegWrite", 0 0, v0000021553442500_0;  1 drivers
v0000021553441030_0 .net "EXMEM_instr_rd", 4 0, v0000021553442d20_0;  1 drivers
v00000215534404f0_0 .net "IDEX_instr_rs", 4 0, v00000215534435e0_0;  1 drivers
v00000215534410d0_0 .net "IDEX_instr_rt", 4 0, v0000021553442c80_0;  1 drivers
v0000021553440ef0_0 .net "MEMWB_RegWrite", 0 0, v00000215534426e0_0;  1 drivers
v0000021553440270_0 .net "MEMWB_instr_rd", 4 0, v00000215534428c0_0;  1 drivers
v0000021553441a30_0 .var "fA", 1 0;
v0000021553440630_0 .var "fB", 1 0;
E_000002155336b9f0/0 .event anyedge, v0000021553440310_0, v0000021553441030_0, v00000215534404f0_0, v00000215534410d0_0;
E_000002155336b9f0/1 .event anyedge, v0000021553440ef0_0, v0000021553440270_0;
E_000002155336b9f0 .event/or E_000002155336b9f0/0, E_000002155336b9f0/1;
S_000002155331e1e0 .scope module, "cpu_hu" "hazard_unit" 3 145, 4 113 0, S_000002155332a6a0;
 .timescale -9 -12;
    .port_info 0 /OUTPUT 1 "IFID_write";
    .port_info 1 /OUTPUT 1 "PC_write";
    .port_info 2 /OUTPUT 1 "hazard_signal";
    .port_info 3 /INPUT 1 "IDEX_MemRead";
    .port_info 4 /INPUT 5 "IDEX_instr_rt";
    .port_info 5 /INPUT 5 "instr_rs";
    .port_info 6 /INPUT 5 "instr_rt";
    .port_info 7 /INPUT 1 "EXMEM_MemRead";
    .port_info 8 /INPUT 5 "EXMEM_RegWriteAddr";
v0000021553440d10_0 .net "EXMEM_MemRead", 0 0, v0000021553440590_0;  alias, 1 drivers
v00000215534406d0_0 .net "EXMEM_RegWriteAddr", 4 0, v0000021553442960_0;  1 drivers
v0000021553441d50_0 .net "IDEX_MemRead", 0 0, v0000021553442fa0_0;  1 drivers
v0000021553441530_0 .net "IDEX_instr_rt", 4 0, v0000021553442c80_0;  alias, 1 drivers
v0000021553441990_0 .var "IFID_write", 0 0;
v0000021553441df0_0 .var "PC_write", 0 0;
v0000021553440770_0 .var "hazard_signal", 0 0;
v0000021553441ad0_0 .net "instr_rs", 4 0, L_0000021553448e30;  alias, 1 drivers
v0000021553440810_0 .net "instr_rt", 4 0, L_0000021553448430;  alias, 1 drivers
E_000002155336b630/0 .event anyedge, v0000021553441d50_0, v00000215534410d0_0, v0000021553441ad0_0, v0000021553440810_0;
E_000002155336b630/1 .event anyedge, v0000021553360bb0_0, v00000215534406d0_0;
E_000002155336b630 .event/or E_000002155336b630/0, E_000002155336b630/1;
S_000002155331e370 .scope module, "cpu_regs" "RegFile" 3 80, 5 67 0, S_000002155332a6a0;
 .timescale -9 -12;
    .port_info 0 /INPUT 1 "clock";
    .port_info 1 /INPUT 1 "reset";
    .port_info 2 /INPUT 5 "raA";
    .port_info 3 /INPUT 5 "raB";
    .port_info 4 /INPUT 5 "wa";
    .port_info 5 /INPUT 1 "wen";
    .port_info 6 /INPUT 32 "wd";
    .port_info 7 /OUTPUT 32 "rdA";
    .port_info 8 /OUTPUT 32 "rdB";
L_000002155335ef90 .functor BUFZ 32, L_0000021553448ed0, C4<00000000000000000000000000000000>, C4<00000000000000000000000000000000>, C4<00000000000000000000000000000000>;
L_000002155335f310 .functor BUFZ 32, L_0000021553447670, C4<00000000000000000000000000000000>, C4<00000000000000000000000000000000>, C4<00000000000000000000000000000000>;
v00000215534403b0_0 .net *"_ivl_0", 31 0, L_0000021553448ed0;  1 drivers
v0000021553440450_0 .net *"_ivl_10", 6 0, L_0000021553448070;  1 drivers
L_0000021553449248 .functor BUFT 1, C4<00>, C4<0>, C4<0>, C4<0>;
v0000021553440bd0_0 .net *"_ivl_13", 1 0, L_0000021553449248;  1 drivers
v0000021553440e50_0 .net *"_ivl_2", 6 0, L_0000021553447f30;  1 drivers
L_0000021553449200 .functor BUFT 1, C4<00>, C4<0>, C4<0>, C4<0>;
v0000021553441c10_0 .net *"_ivl_5", 1 0, L_0000021553449200;  1 drivers
v0000021553441170_0 .net *"_ivl_8", 31 0, L_0000021553447670;  1 drivers
v0000021553441e90_0 .net "clock", 0 0, v0000021553448250_0;  alias, 1 drivers
v0000021553441210 .array "data", 0 31, 31 0;
v0000021553441cb0_0 .var/i "i", 31 0;
v0000021553440f90_0 .net "raA", 4 0, L_0000021553448e30;  alias, 1 drivers
v0000021553441f30_0 .net "raB", 4 0, L_0000021553448430;  alias, 1 drivers
v0000021553440c70_0 .net "rdA", 31 0, L_000002155335ef90;  alias, 1 drivers
v00000215534408b0_0 .net "rdB", 31 0, L_000002155335f310;  alias, 1 drivers
v00000215534412b0_0 .net "reset", 0 0, v0000021553448610_0;  alias, 1 drivers
v00000215534413f0_0 .net "wa", 4 0, v0000021553443c20_0;  1 drivers
v0000021553440950_0 .net "wd", 31 0, L_00000215534a2be0;  alias, 1 drivers
v0000021553441850_0 .net "wen", 0 0, v00000215534426e0_0;  alias, 1 drivers
E_000002155336bf70 .event negedge, v00000215533610b0_0, v0000021553361b50_0;
L_0000021553448ed0 .array/port v0000021553441210, L_0000021553447f30;
L_0000021553447f30 .concat [ 5 2 0 0], L_0000021553448e30, L_0000021553449200;
L_0000021553447670 .array/port v0000021553441210, L_0000021553448070;
L_0000021553448070 .concat [ 5 2 0 0], L_0000021553448430, L_0000021553449248;
S_00000215532f9510 .scope module, "pipe0" "string_manipulation" 2 20, 2 120 0, S_00000215533856e0;
 .timescale -9 -12;
    .port_info 0 /INPUT 1 "clock";
    .port_info 1 /INPUT 32 "PC";
    .port_info 2 /INPUT 32 "instr0";
    .port_info 3 /INPUT 32 "instr1";
    .port_info 4 /OUTPUT 208 "stringvar";
v0000021553445050_0 .net "PC", 31 0, v0000021553443860_0;  1 drivers
v0000021553445730_0 .var "PC_prv", 31 0;
v0000021553445cd0_0 .net *"_ivl_0", 0 0, L_00000215534a17e0;  1 drivers
L_00000215534497e8 .functor BUFT 1, C4<00000000>, C4<0>, C4<0>, C4<0>;
v0000021553444f10_0 .net *"_ivl_11", 7 0, L_00000215534497e8;  1 drivers
L_00000215534497a0 .functor BUFT 1, C4<0000000000101101001011010010110100101101>, C4<0>, C4<0>, C4<0>;
v0000021553445d70_0 .net/2u *"_ivl_2", 39 0, L_00000215534497a0;  1 drivers
v0000021553444fb0_0 .net *"_ivl_4", 39 0, L_00000215534a1420;  1 drivers
v00000215534450f0_0 .net *"_ivl_6", 199 0, L_00000215534a2500;  1 drivers
v0000021553445370_0 .net "clock", 0 0, v0000021553448250_0;  alias, 1 drivers
v0000021553445e10_0 .net "instr0", 31 0, L_0000021553448bb0;  alias, 1 drivers
v00000215534454b0_0 .net "instr1", 31 0, v0000021553443ea0_0;  1 drivers
v0000021553445eb0_0 .var "instr2", 31 0;
v0000021553445f50_0 .var "instr3", 31 0;
v0000021553447990_0 .var "instr4", 31 0;
v00000215534470d0_0 .net "stringvar", 208 1, L_00000215534a2c80;  alias, 1 drivers
v0000021553447850_0 .net "stringvar0", 39 0, v0000021553445410_0;  1 drivers
v0000021553448cf0_0 .net "stringvar1", 39 0, v00000215534452d0_0;  1 drivers
v0000021553447a30_0 .net "stringvar2", 39 0, v0000021553444dd0_0;  1 drivers
v0000021553447df0_0 .net "stringvar3", 39 0, v0000021553444e70_0;  1 drivers
v0000021553448a70_0 .net "stringvar4", 39 0, v0000021553445c30_0;  1 drivers
E_000002155336bfb0 .event posedge, v0000021553361b50_0;
L_00000215534a17e0 .cmp/eq 32, v0000021553445730_0, v0000021553443860_0;
L_00000215534a1420 .functor MUXZ 40, v0000021553444dd0_0, L_00000215534497a0, L_00000215534a17e0, C4<>;
LS_00000215534a2500_0_0 .concat [ 40 40 40 40], v0000021553445c30_0, v0000021553444e70_0, L_00000215534a1420, v00000215534452d0_0;
LS_00000215534a2500_0_4 .concat [ 40 0 0 0], v0000021553445410_0;
L_00000215534a2500 .concat [ 160 40 0 0], LS_00000215534a2500_0_0, LS_00000215534a2500_0_4;
L_00000215534a2c80 .concat [ 200 8 0 0], L_00000215534a2500, L_00000215534497e8;
S_00000215532f96a0 .scope module, "instr2str_0" "instr2str" 2 129, 2 138 0, S_00000215532f9510;
 .timescale -9 -12;
    .port_info 0 /INPUT 32 "instr";
    .port_info 1 /OUTPUT 40 "stringvar";
v0000021553444830_0 .net "instr", 31 0, L_0000021553448bb0;  alias, 1 drivers
v0000021553445410_0 .var "stringvar", 39 0;
E_000002155336c130 .event anyedge, v000002155343bbf0_0;
S_00000215532f45f0 .scope module, "instr2str_1" "instr2str" 2 130, 2 138 0, S_00000215532f9510;
 .timescale -9 -12;
    .port_info 0 /INPUT 32 "instr";
    .port_info 1 /OUTPUT 40 "stringvar";
v0000021553444c90_0 .net "instr", 31 0, v0000021553443ea0_0;  alias, 1 drivers
v00000215534452d0_0 .var "stringvar", 39 0;
E_000002155336c170 .event anyedge, v0000021553443ea0_0;
S_00000215532f4780 .scope module, "instr2str_2" "instr2str" 2 131, 2 138 0, S_00000215532f9510;
 .timescale -9 -12;
    .port_info 0 /INPUT 32 "instr";
    .port_info 1 /OUTPUT 40 "stringvar";
v0000021553444d30_0 .net "instr", 31 0, v0000021553445eb0_0;  1 drivers
v0000021553444dd0_0 .var "stringvar", 39 0;
E_000002155336b730 .event anyedge, v0000021553444d30_0;
S_00000215532ec2d0 .scope module, "instr2str_3" "instr2str" 2 132, 2 138 0, S_00000215532f9510;
 .timescale -9 -12;
    .port_info 0 /INPUT 32 "instr";
    .port_info 1 /OUTPUT 40 "stringvar";
v0000021553445b90_0 .net "instr", 31 0, v0000021553445f50_0;  1 drivers
v0000021553444e70_0 .var "stringvar", 39 0;
E_000002155336b330 .event anyedge, v0000021553445b90_0;
S_00000215532ec460 .scope module, "instr2str_4" "instr2str" 2 133, 2 138 0, S_00000215532f9510;
 .timescale -9 -12;
    .port_info 0 /INPUT 32 "instr";
    .port_info 1 /OUTPUT 40 "stringvar";
v0000021553445690_0 .net "instr", 31 0, v0000021553447990_0;  1 drivers
v0000021553445c30_0 .var "stringvar", 39 0;
E_000002155336b370 .event anyedge, v0000021553445690_0;
    .scope S_00000215532df420;
T_0 ;
    %wait E_000002155336ba30;
    %load/vec4 v000002155343bdd0_0;
    %load/vec4 v000002155343a9d0_0;
    %and;
    %flag_set/vec4 8;
    %jmp/0xz  T_0.0, 8;
    %vpi_call 5 45 "$display", "\012Memory ERROR (time %0d): ren and wen both active!\012", $time {0 0 0};
T_0.0 ;
    %jmp T_0;
    .thread T_0, $push;
    .scope S_00000215532df420;
T_1 ;
    %wait E_000002155336b670;
    %load/vec4 v000002155343a4d0_0;
    %parti/s 22, 10, 5;
    %pad/u 32;
    %cmpi/ne 0, 0, 32;
    %jmp/0xz  T_1.0, 4;
    %vpi_call 5 49 "$display", "Memory WARNING (time %0d): address msbs are not zero\012", $time {0 0 0};
T_1.0 ;
    %jmp T_1;
    .thread T_1;
    .scope S_00000215532df420;
T_2 ;
    %wait E_000002155336be30;
    %load/vec4 v000002155343b8d0_0;
    %cmpi/e 1, 0, 1;
    %flag_get/vec4 4;
    %jmp/0 T_2.3, 4;
    %load/vec4 v000002155343a9d0_0;
    %pushi/vec4 1, 0, 1;
    %cmp/e;
    %flag_get/vec4 4;
    %and;
T_2.3;
    %flag_set/vec4 9;
    %flag_get/vec4 9;
    %jmp/0 T_2.2, 9;
    %load/vec4 v000002155343bdd0_0;
    %pushi/vec4 0, 0, 1;
    %cmp/e;
    %flag_get/vec4 4;
    %and;
T_2.2;
    %flag_set/vec4 8;
    %jmp/0xz  T_2.0, 8;
    %load/vec4 v000002155343bb50_0;
    %load/vec4 v000002155343a4d0_0;
    %parti/s 10, 0, 2;
    %pad/u 14;
    %ix/vec4 4;
    %store/vec4a v000002155343a750, 4, 0;
T_2.0 ;
    %jmp T_2;
    .thread T_2;
    .scope S_000002155331e370;
T_3 ;
    %wait E_000002155336bf70;
    %load/vec4 v00000215534412b0_0;
    %cmpi/e 0, 0, 1;
    %jmp/0xz  T_3.0, 4;
    %pushi/vec4 0, 0, 32;
    %store/vec4 v0000021553441cb0_0, 0, 32;
T_3.2 ;
    %load/vec4 v0000021553441cb0_0;
    %cmpi/s 32, 0, 32;
    %jmp/0xz T_3.3, 5;
    %load/vec4 v0000021553441cb0_0;
    %ix/getv/s 4, v0000021553441cb0_0;
    %store/vec4a v0000021553441210, 4, 0;
    %load/vec4 v0000021553441cb0_0;
    %addi 1, 0, 32;
    %store/vec4 v0000021553441cb0_0, 0, 32;
    %jmp T_3.2;
T_3.3 ;
    %jmp T_3.1;
T_3.0 ;
    %load/vec4 v0000021553441850_0;
    %cmpi/e 1, 0, 1;
    %flag_get/vec4 4;
    %jmp/0 T_3.6, 4;
    %load/vec4 v00000215534413f0_0;
    %pushi/vec4 0, 0, 5;
    %cmp/ne;
    %flag_get/vec4 4;
    %and;
T_3.6;
    %flag_set/vec4 8;
    %jmp/0xz  T_3.4, 8;
    %load/vec4 v0000021553440950_0;
    %load/vec4 v00000215534413f0_0;
    %pad/u 7;
    %ix/vec4 3;
    %ix/load 4, 0, 0; Constant delay
    %assign/vec4/a/d v0000021553441210, 0, 4;
T_3.4 ;
T_3.1 ;
    %jmp T_3;
    .thread T_3;
    .scope S_000002155332e270;
T_4 ;
    %wait E_0000021553369970;
    %pushi/vec4 0, 0, 1;
    %store/vec4 v0000021553362050_0, 0, 1;
    %pushi/vec4 0, 0, 1;
    %store/vec4 v0000021553360e30_0, 0, 1;
    %pushi/vec4 0, 0, 1;
    %store/vec4 v0000021553361830_0, 0, 1;
    %pushi/vec4 0, 0, 1;
    %store/vec4 v0000021553360930_0, 0, 1;
    %pushi/vec4 0, 0, 1;
    %store/vec4 v0000021553361fb0_0, 0, 1;
    %pushi/vec4 0, 0, 1;
    %store/vec4 v0000021553360a70_0, 0, 1;
    %pushi/vec4 0, 0, 1;
    %store/vec4 v0000021553361dd0_0, 0, 1;
    %pushi/vec4 0, 0, 2;
    %store/vec4 v0000021553361d30_0, 0, 2;
    %load/vec4 v00000215533618d0_0;
    %dup/vec4;
    %pushi/vec4 0, 0, 6;
    %cmp/u;
    %jmp/1 T_4.0, 6;
    %dup/vec4;
    %pushi/vec4 35, 0, 6;
    %cmp/u;
    %jmp/1 T_4.1, 6;
    %dup/vec4;
    %pushi/vec4 43, 0, 6;
    %cmp/u;
    %jmp/1 T_4.2, 6;
    %dup/vec4;
    %pushi/vec4 4, 0, 6;
    %cmp/u;
    %jmp/1 T_4.3, 6;
    %dup/vec4;
    %pushi/vec4 8, 0, 6;
    %cmp/u;
    %jmp/1 T_4.4, 6;
    %jmp T_4.6;
T_4.0 ;
    %pushi/vec4 1, 0, 1;
    %store/vec4 v0000021553362050_0, 0, 1;
    %pushi/vec4 1, 0, 1;
    %store/vec4 v0000021553360a70_0, 0, 1;
    %pushi/vec4 2, 0, 2;
    %store/vec4 v0000021553361d30_0, 0, 2;
    %jmp T_4.6;
T_4.1 ;
    %pushi/vec4 1, 0, 1;
    %store/vec4 v0000021553360e30_0, 0, 1;
    %pushi/vec4 1, 0, 1;
    %store/vec4 v0000021553360930_0, 0, 1;
    %pushi/vec4 1, 0, 1;
    %store/vec4 v0000021553361fb0_0, 0, 1;
    %pushi/vec4 1, 0, 1;
    %store/vec4 v0000021553360a70_0, 0, 1;
    %jmp T_4.6;
T_4.2 ;
    %pushi/vec4 1, 1, 1;
    %store/vec4 v0000021553362050_0, 0, 1;
    %pushi/vec4 1, 0, 1;
    %store/vec4 v0000021553361fb0_0, 0, 1;
    %pushi/vec4 1, 0, 1;
    %store/vec4 v0000021553361830_0, 0, 1;
    %pushi/vec4 1, 1, 1;
    %store/vec4 v0000021553360930_0, 0, 1;
    %jmp T_4.6;
T_4.3 ;
    %pushi/vec4 1, 0, 1;
    %store/vec4 v0000021553360a70_0, 0, 1;
    %pushi/vec4 1, 1, 1;
    %store/vec4 v0000021553362050_0, 0, 1;
    %pushi/vec4 1, 0, 1;
    %store/vec4 v0000021553361dd0_0, 0, 1;
    %pushi/vec4 1, 1, 1;
    %store/vec4 v0000021553360930_0, 0, 1;
    %pushi/vec4 1, 0, 2;
    %store/vec4 v0000021553361d30_0, 0, 2;
    %jmp T_4.6;
T_4.4 ;
    %pushi/vec4 1, 0, 1;
    %store/vec4 v0000021553360a70_0, 0, 1;
    %pushi/vec4 1, 0, 1;
    %store/vec4 v0000021553361fb0_0, 0, 1;
    %pushi/vec4 0, 0, 2;
    %store/vec4 v0000021553361d30_0, 0, 2;
    %jmp T_4.6;
T_4.6 ;
    %pop/vec4 1;
    %jmp T_4;
    .thread T_4, $push;
    .scope S_000002155331e1e0;
T_5 ;
    %wait E_000002155336b630;
    %pushi/vec4 1, 0, 1;
    %store/vec4 v0000021553440770_0, 0, 1;
    %pushi/vec4 1, 0, 1;
    %store/vec4 v0000021553441990_0, 0, 1;
    %pushi/vec4 1, 0, 1;
    %store/vec4 v0000021553441df0_0, 0, 1;
    %load/vec4 v0000021553441d50_0;
    %flag_set/vec4 9;
    %flag_get/vec4 9;
    %jmp/0 T_5.2, 9;
    %load/vec4 v0000021553441530_0;
    %load/vec4 v0000021553441ad0_0;
    %cmp/e;
    %flag_get/vec4 4;
    %jmp/1 T_5.3, 4;
    %load/vec4 v0000021553441530_0;
    %load/vec4 v0000021553440810_0;
    %cmp/e;
    %flag_get/vec4 4;
    %or;
T_5.3;
    %and;
T_5.2;
    %flag_set/vec4 8;
    %jmp/0xz  T_5.0, 8;
    %pushi/vec4 0, 0, 1;
    %store/vec4 v0000021553440770_0, 0, 1;
    %pushi/vec4 0, 0, 1;
    %store/vec4 v0000021553441990_0, 0, 1;
    %pushi/vec4 0, 0, 1;
    %store/vec4 v0000021553441df0_0, 0, 1;
T_5.0 ;
    %load/vec4 v0000021553440d10_0;
    %flag_set/vec4 9;
    %flag_get/vec4 9;
    %jmp/0 T_5.6, 9;
    %load/vec4 v00000215534406d0_0;
    %load/vec4 v0000021553441ad0_0;
    %cmp/e;
    %flag_get/vec4 4;
    %jmp/1 T_5.7, 4;
    %load/vec4 v00000215534406d0_0;
    %load/vec4 v0000021553440810_0;
    %cmp/e;
    %flag_get/vec4 4;
    %or;
T_5.7;
    %and;
T_5.6;
    %flag_set/vec4 8;
    %jmp/0xz  T_5.4, 8;
    %pushi/vec4 0, 0, 1;
    %store/vec4 v0000021553440770_0, 0, 1;
    %pushi/vec4 0, 0, 1;
    %store/vec4 v0000021553441990_0, 0, 1;
    %pushi/vec4 0, 0, 1;
    %store/vec4 v0000021553441df0_0, 0, 1;
T_5.4 ;
    %jmp T_5;
    .thread T_5, $push;
    .scope S_000002155332a830;
T_6 ;
    %wait E_0000021553368930;
    %load/vec4 v0000021553361290_0;
    %dup/vec4;
    %pushi/vec4 2, 0, 2;
    %cmp/u;
    %jmp/1 T_6.0, 6;
    %dup/vec4;
    %pushi/vec4 0, 0, 2;
    %cmp/u;
    %jmp/1 T_6.1, 6;
    %dup/vec4;
    %pushi/vec4 1, 0, 2;
    %cmp/u;
    %jmp/1 T_6.2, 6;
    %pushi/vec4 0, 0, 4;
    %store/vec4 v0000021553361e70_0, 0, 4;
    %jmp T_6.4;
T_6.0 ;
    %load/vec4 v0000021553360890_0;
    %dup/vec4;
    %pushi/vec4 32, 0, 6;
    %cmp/u;
    %jmp/1 T_6.5, 6;
    %dup/vec4;
    %pushi/vec4 34, 0, 6;
    %cmp/u;
    %jmp/1 T_6.6, 6;
    %dup/vec4;
    %pushi/vec4 36, 0, 6;
    %cmp/u;
    %jmp/1 T_6.7, 6;
    %dup/vec4;
    %pushi/vec4 37, 0, 6;
    %cmp/u;
    %jmp/1 T_6.8, 6;
    %dup/vec4;
    %pushi/vec4 39, 0, 6;
    %cmp/u;
    %jmp/1 T_6.9, 6;
    %dup/vec4;
    %pushi/vec4 42, 0, 6;
    %cmp/u;
    %jmp/1 T_6.10, 6;
    %dup/vec4;
    %pushi/vec4 0, 0, 6;
    %cmp/u;
    %jmp/1 T_6.11, 6;
    %dup/vec4;
    %pushi/vec4 4, 0, 6;
    %cmp/u;
    %jmp/1 T_6.12, 6;
    %pushi/vec4 0, 0, 4;
    %store/vec4 v0000021553361e70_0, 0, 4;
    %jmp T_6.14;
T_6.5 ;
    %pushi/vec4 2, 0, 4;
    %store/vec4 v0000021553361e70_0, 0, 4;
    %jmp T_6.14;
T_6.6 ;
    %pushi/vec4 6, 0, 4;
    %store/vec4 v0000021553361e70_0, 0, 4;
    %jmp T_6.14;
T_6.7 ;
    %pushi/vec4 0, 0, 4;
    %store/vec4 v0000021553361e70_0, 0, 4;
    %jmp T_6.14;
T_6.8 ;
    %pushi/vec4 1, 0, 4;
    %store/vec4 v0000021553361e70_0, 0, 4;
    %jmp T_6.14;
T_6.9 ;
    %pushi/vec4 12, 0, 4;
    %store/vec4 v0000021553361e70_0, 0, 4;
    %jmp T_6.14;
T_6.10 ;
    %pushi/vec4 7, 0, 4;
    %store/vec4 v0000021553361e70_0, 0, 4;
    %jmp T_6.14;
T_6.11 ;
    %pushi/vec4 8, 0, 4;
    %store/vec4 v0000021553361e70_0, 0, 4;
    %jmp T_6.14;
T_6.12 ;
    %pushi/vec4 8, 0, 4;
    %store/vec4 v0000021553361e70_0, 0, 4;
    %jmp T_6.14;
T_6.14 ;
    %pop/vec4 1;
    %jmp T_6.4;
T_6.1 ;
    %pushi/vec4 2, 0, 4;
    %store/vec4 v0000021553361e70_0, 0, 4;
    %jmp T_6.4;
T_6.2 ;
    %pushi/vec4 6, 0, 4;
    %store/vec4 v0000021553361e70_0, 0, 4;
    %jmp T_6.4;
T_6.4 ;
    %pop/vec4 1;
    %jmp T_6;
    .thread T_6, $push;
    .scope S_00000215532d94a0;
T_7 ;
    %wait E_000002155336b9f0;
    %pushi/vec4 0, 0, 2;
    %store/vec4 v0000021553441a30_0, 0, 2;
    %pushi/vec4 0, 0, 2;
    %store/vec4 v0000021553440630_0, 0, 2;
    %load/vec4 v0000021553440310_0;
    %pad/u 32;
    %cmpi/e 1, 0, 32;
    %flag_get/vec4 4;
    %jmp/0 T_7.3, 4;
    %load/vec4 v0000021553441030_0;
    %pad/u 32;
    %pushi/vec4 0, 0, 32;
    %cmp/ne;
    %flag_get/vec4 4;
    %and;
T_7.3;
    %flag_set/vec4 9;
    %flag_get/vec4 9;
    %jmp/0 T_7.2, 9;
    %load/vec4 v0000021553441030_0;
    %load/vec4 v00000215534404f0_0;
    %cmp/e;
    %flag_get/vec4 4;
    %and;
T_7.2;
    %flag_set/vec4 8;
    %jmp/0xz  T_7.0, 8;
    %pushi/vec4 2, 0, 2;
    %store/vec4 v0000021553441a30_0, 0, 2;
T_7.0 ;
    %load/vec4 v0000021553440310_0;
    %pad/u 32;
    %cmpi/e 1, 0, 32;
    %flag_get/vec4 4;
    %jmp/0 T_7.7, 4;
    %load/vec4 v0000021553441030_0;
    %pad/u 32;
    %pushi/vec4 0, 0, 32;
    %cmp/ne;
    %flag_get/vec4 4;
    %and;
T_7.7;
    %flag_set/vec4 9;
    %flag_get/vec4 9;
    %jmp/0 T_7.6, 9;
    %load/vec4 v0000021553441030_0;
    %load/vec4 v00000215534410d0_0;
    %cmp/e;
    %flag_get/vec4 4;
    %and;
T_7.6;
    %flag_set/vec4 8;
    %jmp/0xz  T_7.4, 8;
    %pushi/vec4 2, 0, 2;
    %store/vec4 v0000021553440630_0, 0, 2;
T_7.4 ;
    %load/vec4 v0000021553440ef0_0;
    %pad/u 32;
    %cmpi/e 1, 0, 32;
    %flag_get/vec4 4;
    %jmp/0 T_7.12, 4;
    %load/vec4 v0000021553440270_0;
    %pad/u 32;
    %pushi/vec4 0, 0, 32;
    %cmp/ne;
    %flag_get/vec4 4;
    %and;
T_7.12;
    %flag_set/vec4 10;
    %flag_get/vec4 10;
    %jmp/0 T_7.11, 10;
    %load/vec4 v0000021553440270_0;
    %load/vec4 v00000215534404f0_0;
    %cmp/e;
    %flag_get/vec4 4;
    %and;
T_7.11;
    %flag_set/vec4 9;
    %flag_get/vec4 9;
    %jmp/0 T_7.10, 9;
    %load/vec4 v0000021553441030_0;
    %load/vec4 v00000215534404f0_0;
    %cmp/ne;
    %flag_get/vec4 4;
    %jmp/1 T_7.13, 4;
    %load/vec4 v0000021553440310_0;
    %pad/u 32;
    %pushi/vec4 0, 0, 32;
    %cmp/e;
    %flag_get/vec4 4;
    %or;
T_7.13;
    %and;
T_7.10;
    %flag_set/vec4 8;
    %jmp/0xz  T_7.8, 8;
    %pushi/vec4 1, 0, 2;
    %store/vec4 v0000021553441a30_0, 0, 2;
T_7.8 ;
    %load/vec4 v0000021553440ef0_0;
    %pad/u 32;
    %cmpi/e 1, 0, 32;
    %flag_get/vec4 4;
    %jmp/0 T_7.18, 4;
    %load/vec4 v0000021553440270_0;
    %pad/u 32;
    %pushi/vec4 0, 0, 32;
    %cmp/ne;
    %flag_get/vec4 4;
    %and;
T_7.18;
    %flag_set/vec4 10;
    %flag_get/vec4 10;
    %jmp/0 T_7.17, 10;
    %load/vec4 v0000021553440270_0;
    %load/vec4 v00000215534410d0_0;
    %cmp/e;
    %flag_get/vec4 4;
    %and;
T_7.17;
    %flag_set/vec4 9;
    %flag_get/vec4 9;
    %jmp/0 T_7.16, 9;
    %load/vec4 v0000021553441030_0;
    %load/vec4 v00000215534410d0_0;
    %cmp/ne;
    %flag_get/vec4 4;
    %jmp/1 T_7.19, 4;
    %load/vec4 v0000021553440310_0;
    %pad/u 32;
    %pushi/vec4 0, 0, 32;
    %cmp/e;
    %flag_get/vec4 4;
    %or;
T_7.19;
    %and;
T_7.16;
    %flag_set/vec4 8;
    %jmp/0xz  T_7.14, 8;
    %pushi/vec4 1, 0, 2;
    %store/vec4 v0000021553440630_0, 0, 2;
T_7.14 ;
    %jmp T_7;
    .thread T_7, $push;
    .scope S_000002155332e400;
T_8 ;
    %wait E_000002155336b2f0;
    %load/vec4 v0000021553360bb0_0;
    %load/vec4 v0000021553360c50_0;
    %and;
    %flag_set/vec4 8;
    %jmp/0xz  T_8.0, 8;
    %vpi_call 5 45 "$display", "\012Memory ERROR (time %0d): ren and wen both active!\012", $time {0 0 0};
T_8.0 ;
    %jmp T_8;
    .thread T_8, $push;
    .scope S_000002155332e400;
T_9 ;
    %wait E_000002155336b7f0;
    %load/vec4 v0000021553361ab0_0;
    %parti/s 22, 10, 5;
    %pad/u 32;
    %cmpi/ne 0, 0, 32;
    %jmp/0xz  T_9.0, 4;
    %vpi_call 5 49 "$display", "Memory WARNING (time %0d): address msbs are not zero\012", $time {0 0 0};
T_9.0 ;
    %jmp T_9;
    .thread T_9;
    .scope S_000002155332e400;
T_10 ;
    %wait E_000002155336be30;
    %load/vec4 v00000215533610b0_0;
    %cmpi/e 1, 0, 1;
    %flag_get/vec4 4;
    %jmp/0 T_10.3, 4;
    %load/vec4 v0000021553360c50_0;
    %pushi/vec4 1, 0, 1;
    %cmp/e;
    %flag_get/vec4 4;
    %and;
T_10.3;
    %flag_set/vec4 9;
    %flag_get/vec4 9;
    %jmp/0 T_10.2, 9;
    %load/vec4 v0000021553360bb0_0;
    %pushi/vec4 0, 0, 1;
    %cmp/e;
    %flag_get/vec4 4;
    %and;
T_10.2;
    %flag_set/vec4 8;
    %jmp/0xz  T_10.0, 8;
    %load/vec4 v00000215533607f0_0;
    %load/vec4 v0000021553361ab0_0;
    %parti/s 10, 0, 2;
    %pad/u 14;
    %ix/vec4 4;
    %store/vec4a v0000021553360750, 4, 0;
T_10.0 ;
    %jmp T_10;
    .thread T_10;
    .scope S_000002155332a6a0;
T_11 ;
    %pushi/vec4 1, 0, 1;
    %store/vec4 v0000021553442f00_0, 0, 1;
    %pushi/vec4 0, 0, 1;
    %store/vec4 v0000021553443b80_0, 0, 1;
    %end;
    .thread T_11;
    .scope S_000002155332a6a0;
T_12 ;
    %wait E_00000215533686b0;
    %load/vec4 v00000215534448d0_0;
    %cmpi/e 0, 0, 1;
    %jmp/0xz  T_12.0, 4;
    %pushi/vec4 4294967295, 0, 32;
    %assign/vec4 v0000021553443860_0, 0;
    %jmp T_12.1;
T_12.0 ;
    %load/vec4 v0000021553443860_0;
    %cmpi/e 4294967295, 0, 32;
    %jmp/0xz  T_12.2, 4;
    %pushi/vec4 0, 0, 32;
    %assign/vec4 v0000021553443860_0, 0;
    %jmp T_12.3;
T_12.2 ;
    %load/vec4 v0000021553443900_0;
    %cmpi/e 1, 0, 1;
    %jmp/0xz  T_12.4, 4;
    %load/vec4 v0000021553443860_0;
    %addi 4, 0, 32;
    %assign/vec4 v0000021553443860_0, 0;
T_12.4 ;
T_12.3 ;
T_12.1 ;
    %jmp T_12;
    .thread T_12;
    .scope S_000002155332a6a0;
T_13 ;
    %wait E_00000215533686b0;
    %load/vec4 v00000215534448d0_0;
    %cmpi/e 0, 0, 1;
    %jmp/0xz  T_13.0, 4;
    %pushi/vec4 0, 0, 32;
    %assign/vec4 v0000021553442e60_0, 0;
    %pushi/vec4 0, 0, 32;
    %assign/vec4 v0000021553443ea0_0, 0;
    %jmp T_13.1;
T_13.0 ;
    %load/vec4 v0000021553443680_0;
    %cmpi/e 1, 0, 1;
    %jmp/0xz  T_13.2, 4;
    %load/vec4 v0000021553443860_0;
    %addi 4, 0, 32;
    %assign/vec4 v0000021553442e60_0, 0;
    %load/vec4 v00000215534443d0_0;
    %assign/vec4 v0000021553443ea0_0, 0;
T_13.2 ;
T_13.1 ;
    %jmp T_13;
    .thread T_13;
    .scope S_000002155332a6a0;
T_14 ;
    %wait E_00000215533686b0;
    %load/vec4 v00000215534448d0_0;
    %cmpi/e 0, 0, 1;
    %jmp/0xz  T_14.0, 4;
    %pushi/vec4 0, 0, 32;
    %assign/vec4 v0000021553443f40_0, 0;
    %pushi/vec4 0, 0, 32;
    %assign/vec4 v0000021553443cc0_0, 0;
    %pushi/vec4 0, 0, 32;
    %assign/vec4 v0000021553443180_0, 0;
    %pushi/vec4 0, 0, 5;
    %assign/vec4 v0000021553442280_0, 0;
    %pushi/vec4 0, 0, 5;
    %assign/vec4 v00000215534435e0_0, 0;
    %pushi/vec4 0, 0, 5;
    %assign/vec4 v0000021553442c80_0, 0;
    %pushi/vec4 0, 0, 5;
    %assign/vec4 v0000021553442140_0, 0;
    %pushi/vec4 0, 0, 1;
    %assign/vec4 v0000021553443ae0_0, 0;
    %pushi/vec4 0, 0, 2;
    %assign/vec4 v0000021553443400_0, 0;
    %pushi/vec4 0, 0, 1;
    %assign/vec4 v00000215534425a0_0, 0;
    %pushi/vec4 0, 0, 1;
    %assign/vec4 v0000021553443220_0, 0;
    %pushi/vec4 0, 0, 1;
    %assign/vec4 v0000021553442fa0_0, 0;
    %pushi/vec4 0, 0, 1;
    %assign/vec4 v00000215534432c0_0, 0;
    %pushi/vec4 0, 0, 1;
    %assign/vec4 v0000021553442640_0, 0;
    %pushi/vec4 0, 0, 1;
    %assign/vec4 v0000021553442dc0_0, 0;
    %jmp T_14.1;
T_14.0 ;
    %load/vec4 v00000215534446f0_0;
    %cmpi/e 0, 0, 1;
    %jmp/0xz  T_14.2, 4;
    %pushi/vec4 0, 0, 1;
    %assign/vec4 v0000021553443ae0_0, 0;
    %pushi/vec4 0, 0, 2;
    %assign/vec4 v0000021553443400_0, 0;
    %pushi/vec4 0, 0, 1;
    %assign/vec4 v00000215534425a0_0, 0;
    %pushi/vec4 0, 0, 1;
    %assign/vec4 v0000021553443220_0, 0;
    %pushi/vec4 0, 0, 1;
    %assign/vec4 v0000021553442fa0_0, 0;
    %pushi/vec4 0, 0, 1;
    %assign/vec4 v00000215534432c0_0, 0;
    %pushi/vec4 0, 0, 1;
    %assign/vec4 v0000021553442640_0, 0;
    %pushi/vec4 0, 0, 1;
    %assign/vec4 v0000021553442dc0_0, 0;
    %jmp T_14.3;
T_14.2 ;
    %load/vec4 v0000021553444470_0;
    %assign/vec4 v0000021553443f40_0, 0;
    %load/vec4 v0000021553444b50_0;
    %assign/vec4 v0000021553443cc0_0, 0;
    %load/vec4 v0000021553444bf0_0;
    %assign/vec4 v0000021553443180_0, 0;
    %load/vec4 v00000215534459b0_0;
    %assign/vec4 v0000021553442280_0, 0;
    %load/vec4 v0000021553444ab0_0;
    %assign/vec4 v00000215534435e0_0, 0;
    %load/vec4 v00000215534457d0_0;
    %assign/vec4 v0000021553442140_0, 0;
    %load/vec4 v0000021553445a50_0;
    %assign/vec4 v0000021553442c80_0, 0;
    %load/vec4 v00000215534434a0_0;
    %assign/vec4 v0000021553443ae0_0, 0;
    %load/vec4 v0000021553441670_0;
    %assign/vec4 v0000021553443400_0, 0;
    %load/vec4 v00000215534415d0_0;
    %assign/vec4 v00000215534425a0_0, 0;
    %load/vec4 v0000021553441710_0;
    %assign/vec4 v0000021553443220_0, 0;
    %load/vec4 v0000021553442320_0;
    %assign/vec4 v0000021553442fa0_0, 0;
    %load/vec4 v0000021553442460_0;
    %assign/vec4 v00000215534432c0_0, 0;
    %load/vec4 v0000021553443720_0;
    %assign/vec4 v0000021553442640_0, 0;
    %load/vec4 v0000021553443d60_0;
    %assign/vec4 v0000021553442dc0_0, 0;
T_14.3 ;
T_14.1 ;
    %jmp T_14;
    .thread T_14;
    .scope S_000002155332a6a0;
T_15 ;
    %wait E_00000215533686b0;
    %load/vec4 v00000215534448d0_0;
    %cmpi/e 0, 0, 1;
    %jmp/0xz  T_15.0, 4;
    %pushi/vec4 0, 0, 32;
    %assign/vec4 v00000215534417b0_0, 0;
    %pushi/vec4 0, 0, 5;
    %assign/vec4 v0000021553442960_0, 0;
    %pushi/vec4 0, 0, 32;
    %assign/vec4 v0000021553443a40_0, 0;
    %pushi/vec4 0, 0, 5;
    %assign/vec4 v0000021553442d20_0, 0;
    %pushi/vec4 0, 0, 1;
    %assign/vec4 v0000021553442be0_0, 0;
    %pushi/vec4 0, 0, 1;
    %assign/vec4 v00000215534418f0_0, 0;
    %pushi/vec4 0, 0, 1;
    %assign/vec4 v0000021553440590_0, 0;
    %pushi/vec4 0, 0, 1;
    %assign/vec4 v00000215534437c0_0, 0;
    %pushi/vec4 0, 0, 1;
    %assign/vec4 v00000215534420a0_0, 0;
    %pushi/vec4 0, 0, 1;
    %assign/vec4 v0000021553442500_0, 0;
    %jmp T_15.1;
T_15.0 ;
    %load/vec4 v0000021553441490_0;
    %assign/vec4 v00000215534417b0_0, 0;
    %load/vec4 v00000215534423c0_0;
    %assign/vec4 v0000021553442960_0, 0;
    %load/vec4 v0000021553442a00_0;
    %assign/vec4 v0000021553443a40_0, 0;
    %load/vec4 v00000215534423c0_0;
    %assign/vec4 v0000021553442d20_0, 0;
    %load/vec4 v00000215534430e0_0;
    %assign/vec4 v0000021553442be0_0, 0;
    %load/vec4 v0000021553443220_0;
    %assign/vec4 v00000215534418f0_0, 0;
    %load/vec4 v0000021553442fa0_0;
    %assign/vec4 v0000021553440590_0, 0;
    %load/vec4 v00000215534432c0_0;
    %assign/vec4 v00000215534437c0_0, 0;
    %load/vec4 v0000021553442640_0;
    %assign/vec4 v00000215534420a0_0, 0;
    %load/vec4 v0000021553442dc0_0;
    %assign/vec4 v0000021553442500_0, 0;
T_15.1 ;
    %jmp T_15;
    .thread T_15;
    .scope S_000002155332a6a0;
T_16 ;
    %wait E_00000215533686b0;
    %load/vec4 v00000215534448d0_0;
    %cmpi/e 0, 0, 1;
    %jmp/0xz  T_16.0, 4;
    %pushi/vec4 0, 0, 32;
    %assign/vec4 v0000021553443360_0, 0;
    %pushi/vec4 0, 0, 32;
    %assign/vec4 v00000215534421e0_0, 0;
    %pushi/vec4 0, 0, 5;
    %assign/vec4 v0000021553443c20_0, 0;
    %pushi/vec4 0, 0, 1;
    %assign/vec4 v0000021553443040_0, 0;
    %pushi/vec4 0, 0, 1;
    %assign/vec4 v00000215534426e0_0, 0;
    %jmp T_16.1;
T_16.0 ;
    %load/vec4 v00000215534401d0_0;
    %assign/vec4 v0000021553443360_0, 0;
    %load/vec4 v00000215534417b0_0;
    %assign/vec4 v00000215534421e0_0, 0;
    %load/vec4 v0000021553442960_0;
    %assign/vec4 v0000021553443c20_0, 0;
    %load/vec4 v00000215534420a0_0;
    %assign/vec4 v0000021553443040_0, 0;
    %load/vec4 v0000021553442500_0;
    %assign/vec4 v00000215534426e0_0, 0;
T_16.1 ;
    %jmp T_16;
    .thread T_16;
    .scope S_00000215532f96a0;
T_17 ;
    %wait E_000002155336c130;
    %load/vec4 v0000021553444830_0;
    %cmpi/e 0, 0, 32;
    %jmp/0xz  T_17.0, 4;
    %pushi/vec4 11565, 0, 32; draw_string_vec4
    %pushi/vec4 45, 0, 8; draw_string_vec4
    %concat/vec4; draw_string_vec4
    %store/vec4 v0000021553445410_0, 0, 40;
    %jmp T_17.1;
T_17.0 ;
    %load/vec4 v0000021553444830_0;
    %parti/s 6, 26, 6;
    %dup/vec4;
    %pushi/vec4 0, 0, 6;
    %cmp/u;
    %jmp/1 T_17.2, 6;
    %dup/vec4;
    %pushi/vec4 35, 0, 6;
    %cmp/u;
    %jmp/1 T_17.3, 6;
    %dup/vec4;
    %pushi/vec4 43, 0, 6;
    %cmp/u;
    %jmp/1 T_17.4, 6;
    %dup/vec4;
    %pushi/vec4 4, 0, 6;
    %cmp/u;
    %jmp/1 T_17.5, 6;
    %dup/vec4;
    %pushi/vec4 5, 0, 6;
    %cmp/u;
    %jmp/1 T_17.6, 6;
    %dup/vec4;
    %pushi/vec4 8, 0, 6;
    %cmp/u;
    %jmp/1 T_17.7, 6;
    %pushi/vec4 11565, 0, 32; draw_string_vec4
    %pushi/vec4 45, 0, 8; draw_string_vec4
    %concat/vec4; draw_string_vec4
    %store/vec4 v0000021553445410_0, 0, 40;
    %jmp T_17.9;
T_17.2 ;
    %load/vec4 v0000021553444830_0;
    %parti/s 6, 0, 2;
    %dup/vec4;
    %pushi/vec4 0, 0, 6;
    %cmp/u;
    %jmp/1 T_17.10, 6;
    %dup/vec4;
    %pushi/vec4 2, 0, 6;
    %cmp/u;
    %jmp/1 T_17.11, 6;
    %dup/vec4;
    %pushi/vec4 4, 0, 6;
    %cmp/u;
    %jmp/1 T_17.12, 6;
    %dup/vec4;
    %pushi/vec4 6, 0, 6;
    %cmp/u;
    %jmp/1 T_17.13, 6;
    %dup/vec4;
    %pushi/vec4 32, 0, 6;
    %cmp/u;
    %jmp/1 T_17.14, 6;
    %dup/vec4;
    %pushi/vec4 34, 0, 6;
    %cmp/u;
    %jmp/1 T_17.15, 6;
    %dup/vec4;
    %pushi/vec4 36, 0, 6;
    %cmp/u;
    %jmp/1 T_17.16, 6;
    %dup/vec4;
    %pushi/vec4 37, 0, 6;
    %cmp/u;
    %jmp/1 T_17.17, 6;
    %dup/vec4;
    %pushi/vec4 39, 0, 6;
    %cmp/u;
    %jmp/1 T_17.18, 6;
    %dup/vec4;
    %pushi/vec4 42, 0, 6;
    %cmp/u;
    %jmp/1 T_17.19, 6;
    %pushi/vec4 11565, 0, 32; draw_string_vec4
    %pushi/vec4 45, 0, 8; draw_string_vec4
    %concat/vec4; draw_string_vec4
    %store/vec4 v0000021553445410_0, 0, 40;
    %jmp T_17.21;
T_17.10 ;
    %pushi/vec4 21324, 0, 32; draw_string_vec4
    %pushi/vec4 76, 0, 8; draw_string_vec4
    %concat/vec4; draw_string_vec4
    %store/vec4 v0000021553445410_0, 0, 40;
    %jmp T_17.21;
T_17.11 ;
    %pushi/vec4 21330, 0, 32; draw_string_vec4
    %pushi/vec4 76, 0, 8; draw_string_vec4
    %concat/vec4; draw_string_vec4
    %store/vec4 v0000021553445410_0, 0, 40;
    %jmp T_17.21;
T_17.12 ;
    %pushi/vec4 5459020, 0, 32; draw_string_vec4
    %pushi/vec4 86, 0, 8; draw_string_vec4
    %concat/vec4; draw_string_vec4
    %store/vec4 v0000021553445410_0, 0, 40;
    %jmp T_17.21;
T_17.13 ;
    %pushi/vec4 5460556, 0, 32; draw_string_vec4
    %pushi/vec4 86, 0, 8; draw_string_vec4
    %concat/vec4; draw_string_vec4
    %store/vec4 v0000021553445410_0, 0, 40;
    %jmp T_17.21;
T_17.14 ;
    %pushi/vec4 16708, 0, 32; draw_string_vec4
    %pushi/vec4 68, 0, 8; draw_string_vec4
    %concat/vec4; draw_string_vec4
    %store/vec4 v0000021553445410_0, 0, 40;
    %jmp T_17.21;
T_17.15 ;
    %pushi/vec4 21333, 0, 32; draw_string_vec4
    %pushi/vec4 66, 0, 8; draw_string_vec4
    %concat/vec4; draw_string_vec4
    %store/vec4 v0000021553445410_0, 0, 40;
    %jmp T_17.21;
T_17.16 ;
    %pushi/vec4 16718, 0, 32; draw_string_vec4
    %pushi/vec4 68, 0, 8; draw_string_vec4
    %concat/vec4; draw_string_vec4
    %store/vec4 v0000021553445410_0, 0, 40;
    %jmp T_17.21;
T_17.17 ;
    %pushi/vec4 79, 0, 32; draw_string_vec4
    %pushi/vec4 82, 0, 8; draw_string_vec4
    %concat/vec4; draw_string_vec4
    %store/vec4 v0000021553445410_0, 0, 40;
    %jmp T_17.21;
T_17.18 ;
    %pushi/vec4 20047, 0, 32; draw_string_vec4
    %pushi/vec4 82, 0, 8; draw_string_vec4
    %concat/vec4; draw_string_vec4
    %store/vec4 v0000021553445410_0, 0, 40;
    %jmp T_17.21;
T_17.19 ;
    %pushi/vec4 21324, 0, 32; draw_string_vec4
    %pushi/vec4 84, 0, 8; draw_string_vec4
    %concat/vec4; draw_string_vec4
    %store/vec4 v0000021553445410_0, 0, 40;
    %jmp T_17.21;
T_17.21 ;
    %pop/vec4 1;
    %jmp T_17.9;
T_17.3 ;
    %pushi/vec4 76, 0, 32; draw_string_vec4
    %pushi/vec4 87, 0, 8; draw_string_vec4
    %concat/vec4; draw_string_vec4
    %store/vec4 v0000021553445410_0, 0, 40;
    %jmp T_17.9;
T_17.4 ;
    %pushi/vec4 83, 0, 32; draw_string_vec4
    %pushi/vec4 87, 0, 8; draw_string_vec4
    %concat/vec4; draw_string_vec4
    %store/vec4 v0000021553445410_0, 0, 40;
    %jmp T_17.9;
T_17.5 ;
    %pushi/vec4 16965, 0, 32; draw_string_vec4
    %pushi/vec4 81, 0, 8; draw_string_vec4
    %concat/vec4; draw_string_vec4
    %store/vec4 v0000021553445410_0, 0, 40;
    %jmp T_17.9;
T_17.6 ;
    %pushi/vec4 16974, 0, 32; draw_string_vec4
    %pushi/vec4 69, 0, 8; draw_string_vec4
    %concat/vec4; draw_string_vec4
    %store/vec4 v0000021553445410_0, 0, 40;
    %jmp T_17.9;
T_17.7 ;
    %pushi/vec4 4277316, 0, 32; draw_string_vec4
    %pushi/vec4 73, 0, 8; draw_string_vec4
    %concat/vec4; draw_string_vec4
    %store/vec4 v0000021553445410_0, 0, 40;
    %jmp T_17.9;
T_17.9 ;
    %pop/vec4 1;
T_17.1 ;
    %jmp T_17;
    .thread T_17, $push;
    .scope S_00000215532f45f0;
T_18 ;
    %wait E_000002155336c170;
    %load/vec4 v0000021553444c90_0;
    %cmpi/e 0, 0, 32;
    %jmp/0xz  T_18.0, 4;
    %pushi/vec4 11565, 0, 32; draw_string_vec4
    %pushi/vec4 45, 0, 8; draw_string_vec4
    %concat/vec4; draw_string_vec4
    %store/vec4 v00000215534452d0_0, 0, 40;
    %jmp T_18.1;
T_18.0 ;
    %load/vec4 v0000021553444c90_0;
    %parti/s 6, 26, 6;
    %dup/vec4;
    %pushi/vec4 0, 0, 6;
    %cmp/u;
    %jmp/1 T_18.2, 6;
    %dup/vec4;
    %pushi/vec4 35, 0, 6;
    %cmp/u;
    %jmp/1 T_18.3, 6;
    %dup/vec4;
    %pushi/vec4 43, 0, 6;
    %cmp/u;
    %jmp/1 T_18.4, 6;
    %dup/vec4;
    %pushi/vec4 4, 0, 6;
    %cmp/u;
    %jmp/1 T_18.5, 6;
    %dup/vec4;
    %pushi/vec4 5, 0, 6;
    %cmp/u;
    %jmp/1 T_18.6, 6;
    %dup/vec4;
    %pushi/vec4 8, 0, 6;
    %cmp/u;
    %jmp/1 T_18.7, 6;
    %pushi/vec4 11565, 0, 32; draw_string_vec4
    %pushi/vec4 45, 0, 8; draw_string_vec4
    %concat/vec4; draw_string_vec4
    %store/vec4 v00000215534452d0_0, 0, 40;
    %jmp T_18.9;
T_18.2 ;
    %load/vec4 v0000021553444c90_0;
    %parti/s 6, 0, 2;
    %dup/vec4;
    %pushi/vec4 0, 0, 6;
    %cmp/u;
    %jmp/1 T_18.10, 6;
    %dup/vec4;
    %pushi/vec4 2, 0, 6;
    %cmp/u;
    %jmp/1 T_18.11, 6;
    %dup/vec4;
    %pushi/vec4 4, 0, 6;
    %cmp/u;
    %jmp/1 T_18.12, 6;
    %dup/vec4;
    %pushi/vec4 6, 0, 6;
    %cmp/u;
    %jmp/1 T_18.13, 6;
    %dup/vec4;
    %pushi/vec4 32, 0, 6;
    %cmp/u;
    %jmp/1 T_18.14, 6;
    %dup/vec4;
    %pushi/vec4 34, 0, 6;
    %cmp/u;
    %jmp/1 T_18.15, 6;
    %dup/vec4;
    %pushi/vec4 36, 0, 6;
    %cmp/u;
    %jmp/1 T_18.16, 6;
    %dup/vec4;
    %pushi/vec4 37, 0, 6;
    %cmp/u;
    %jmp/1 T_18.17, 6;
    %dup/vec4;
    %pushi/vec4 39, 0, 6;
    %cmp/u;
    %jmp/1 T_18.18, 6;
    %dup/vec4;
    %pushi/vec4 42, 0, 6;
    %cmp/u;
    %jmp/1 T_18.19, 6;
    %pushi/vec4 11565, 0, 32; draw_string_vec4
    %pushi/vec4 45, 0, 8; draw_string_vec4
    %concat/vec4; draw_string_vec4
    %store/vec4 v00000215534452d0_0, 0, 40;
    %jmp T_18.21;
T_18.10 ;
    %pushi/vec4 21324, 0, 32; draw_string_vec4
    %pushi/vec4 76, 0, 8; draw_string_vec4
    %concat/vec4; draw_string_vec4
    %store/vec4 v00000215534452d0_0, 0, 40;
    %jmp T_18.21;
T_18.11 ;
    %pushi/vec4 21330, 0, 32; draw_string_vec4
    %pushi/vec4 76, 0, 8; draw_string_vec4
    %concat/vec4; draw_string_vec4
    %store/vec4 v00000215534452d0_0, 0, 40;
    %jmp T_18.21;
T_18.12 ;
    %pushi/vec4 5459020, 0, 32; draw_string_vec4
    %pushi/vec4 86, 0, 8; draw_string_vec4
    %concat/vec4; draw_string_vec4
    %store/vec4 v00000215534452d0_0, 0, 40;
    %jmp T_18.21;
T_18.13 ;
    %pushi/vec4 5460556, 0, 32; draw_string_vec4
    %pushi/vec4 86, 0, 8; draw_string_vec4
    %concat/vec4; draw_string_vec4
    %store/vec4 v00000215534452d0_0, 0, 40;
    %jmp T_18.21;
T_18.14 ;
    %pushi/vec4 16708, 0, 32; draw_string_vec4
    %pushi/vec4 68, 0, 8; draw_string_vec4
    %concat/vec4; draw_string_vec4
    %store/vec4 v00000215534452d0_0, 0, 40;
    %jmp T_18.21;
T_18.15 ;
    %pushi/vec4 21333, 0, 32; draw_string_vec4
    %pushi/vec4 66, 0, 8; draw_string_vec4
    %concat/vec4; draw_string_vec4
    %store/vec4 v00000215534452d0_0, 0, 40;
    %jmp T_18.21;
T_18.16 ;
    %pushi/vec4 16718, 0, 32; draw_string_vec4
    %pushi/vec4 68, 0, 8; draw_string_vec4
    %concat/vec4; draw_string_vec4
    %store/vec4 v00000215534452d0_0, 0, 40;
    %jmp T_18.21;
T_18.17 ;
    %pushi/vec4 79, 0, 32; draw_string_vec4
    %pushi/vec4 82, 0, 8; draw_string_vec4
    %concat/vec4; draw_string_vec4
    %store/vec4 v00000215534452d0_0, 0, 40;
    %jmp T_18.21;
T_18.18 ;
    %pushi/vec4 20047, 0, 32; draw_string_vec4
    %pushi/vec4 82, 0, 8; draw_string_vec4
    %concat/vec4; draw_string_vec4
    %store/vec4 v00000215534452d0_0, 0, 40;
    %jmp T_18.21;
T_18.19 ;
    %pushi/vec4 21324, 0, 32; draw_string_vec4
    %pushi/vec4 84, 0, 8; draw_string_vec4
    %concat/vec4; draw_string_vec4
    %store/vec4 v00000215534452d0_0, 0, 40;
    %jmp T_18.21;
T_18.21 ;
    %pop/vec4 1;
    %jmp T_18.9;
T_18.3 ;
    %pushi/vec4 76, 0, 32; draw_string_vec4
    %pushi/vec4 87, 0, 8; draw_string_vec4
    %concat/vec4; draw_string_vec4
    %store/vec4 v00000215534452d0_0, 0, 40;
    %jmp T_18.9;
T_18.4 ;
    %pushi/vec4 83, 0, 32; draw_string_vec4
    %pushi/vec4 87, 0, 8; draw_string_vec4
    %concat/vec4; draw_string_vec4
    %store/vec4 v00000215534452d0_0, 0, 40;
    %jmp T_18.9;
T_18.5 ;
    %pushi/vec4 16965, 0, 32; draw_string_vec4
    %pushi/vec4 81, 0, 8; draw_string_vec4
    %concat/vec4; draw_string_vec4
    %store/vec4 v00000215534452d0_0, 0, 40;
    %jmp T_18.9;
T_18.6 ;
    %pushi/vec4 16974, 0, 32; draw_string_vec4
    %pushi/vec4 69, 0, 8; draw_string_vec4
    %concat/vec4; draw_string_vec4
    %store/vec4 v00000215534452d0_0, 0, 40;
    %jmp T_18.9;
T_18.7 ;
    %pushi/vec4 4277316, 0, 32; draw_string_vec4
    %pushi/vec4 73, 0, 8; draw_string_vec4
    %concat/vec4; draw_string_vec4
    %store/vec4 v00000215534452d0_0, 0, 40;
    %jmp T_18.9;
T_18.9 ;
    %pop/vec4 1;
T_18.1 ;
    %jmp T_18;
    .thread T_18, $push;
    .scope S_00000215532f4780;
T_19 ;
    %wait E_000002155336b730;
    %load/vec4 v0000021553444d30_0;
    %cmpi/e 0, 0, 32;
    %jmp/0xz  T_19.0, 4;
    %pushi/vec4 11565, 0, 32; draw_string_vec4
    %pushi/vec4 45, 0, 8; draw_string_vec4
    %concat/vec4; draw_string_vec4
    %store/vec4 v0000021553444dd0_0, 0, 40;
    %jmp T_19.1;
T_19.0 ;
    %load/vec4 v0000021553444d30_0;
    %parti/s 6, 26, 6;
    %dup/vec4;
    %pushi/vec4 0, 0, 6;
    %cmp/u;
    %jmp/1 T_19.2, 6;
    %dup/vec4;
    %pushi/vec4 35, 0, 6;
    %cmp/u;
    %jmp/1 T_19.3, 6;
    %dup/vec4;
    %pushi/vec4 43, 0, 6;
    %cmp/u;
    %jmp/1 T_19.4, 6;
    %dup/vec4;
    %pushi/vec4 4, 0, 6;
    %cmp/u;
    %jmp/1 T_19.5, 6;
    %dup/vec4;
    %pushi/vec4 5, 0, 6;
    %cmp/u;
    %jmp/1 T_19.6, 6;
    %dup/vec4;
    %pushi/vec4 8, 0, 6;
    %cmp/u;
    %jmp/1 T_19.7, 6;
    %pushi/vec4 11565, 0, 32; draw_string_vec4
    %pushi/vec4 45, 0, 8; draw_string_vec4
    %concat/vec4; draw_string_vec4
    %store/vec4 v0000021553444dd0_0, 0, 40;
    %jmp T_19.9;
T_19.2 ;
    %load/vec4 v0000021553444d30_0;
    %parti/s 6, 0, 2;
    %dup/vec4;
    %pushi/vec4 0, 0, 6;
    %cmp/u;
    %jmp/1 T_19.10, 6;
    %dup/vec4;
    %pushi/vec4 2, 0, 6;
    %cmp/u;
    %jmp/1 T_19.11, 6;
    %dup/vec4;
    %pushi/vec4 4, 0, 6;
    %cmp/u;
    %jmp/1 T_19.12, 6;
    %dup/vec4;
    %pushi/vec4 6, 0, 6;
    %cmp/u;
    %jmp/1 T_19.13, 6;
    %dup/vec4;
    %pushi/vec4 32, 0, 6;
    %cmp/u;
    %jmp/1 T_19.14, 6;
    %dup/vec4;
    %pushi/vec4 34, 0, 6;
    %cmp/u;
    %jmp/1 T_19.15, 6;
    %dup/vec4;
    %pushi/vec4 36, 0, 6;
    %cmp/u;
    %jmp/1 T_19.16, 6;
    %dup/vec4;
    %pushi/vec4 37, 0, 6;
    %cmp/u;
    %jmp/1 T_19.17, 6;
    %dup/vec4;
    %pushi/vec4 39, 0, 6;
    %cmp/u;
    %jmp/1 T_19.18, 6;
    %dup/vec4;
    %pushi/vec4 42, 0, 6;
    %cmp/u;
    %jmp/1 T_19.19, 6;
    %pushi/vec4 11565, 0, 32; draw_string_vec4
    %pushi/vec4 45, 0, 8; draw_string_vec4
    %concat/vec4; draw_string_vec4
    %store/vec4 v0000021553444dd0_0, 0, 40;
    %jmp T_19.21;
T_19.10 ;
    %pushi/vec4 21324, 0, 32; draw_string_vec4
    %pushi/vec4 76, 0, 8; draw_string_vec4
    %concat/vec4; draw_string_vec4
    %store/vec4 v0000021553444dd0_0, 0, 40;
    %jmp T_19.21;
T_19.11 ;
    %pushi/vec4 21330, 0, 32; draw_string_vec4
    %pushi/vec4 76, 0, 8; draw_string_vec4
    %concat/vec4; draw_string_vec4
    %store/vec4 v0000021553444dd0_0, 0, 40;
    %jmp T_19.21;
T_19.12 ;
    %pushi/vec4 5459020, 0, 32; draw_string_vec4
    %pushi/vec4 86, 0, 8; draw_string_vec4
    %concat/vec4; draw_string_vec4
    %store/vec4 v0000021553444dd0_0, 0, 40;
    %jmp T_19.21;
T_19.13 ;
    %pushi/vec4 5460556, 0, 32; draw_string_vec4
    %pushi/vec4 86, 0, 8; draw_string_vec4
    %concat/vec4; draw_string_vec4
    %store/vec4 v0000021553444dd0_0, 0, 40;
    %jmp T_19.21;
T_19.14 ;
    %pushi/vec4 16708, 0, 32; draw_string_vec4
    %pushi/vec4 68, 0, 8; draw_string_vec4
    %concat/vec4; draw_string_vec4
    %store/vec4 v0000021553444dd0_0, 0, 40;
    %jmp T_19.21;
T_19.15 ;
    %pushi/vec4 21333, 0, 32; draw_string_vec4
    %pushi/vec4 66, 0, 8; draw_string_vec4
    %concat/vec4; draw_string_vec4
    %store/vec4 v0000021553444dd0_0, 0, 40;
    %jmp T_19.21;
T_19.16 ;
    %pushi/vec4 16718, 0, 32; draw_string_vec4
    %pushi/vec4 68, 0, 8; draw_string_vec4
    %concat/vec4; draw_string_vec4
    %store/vec4 v0000021553444dd0_0, 0, 40;
    %jmp T_19.21;
T_19.17 ;
    %pushi/vec4 79, 0, 32; draw_string_vec4
    %pushi/vec4 82, 0, 8; draw_string_vec4
    %concat/vec4; draw_string_vec4
    %store/vec4 v0000021553444dd0_0, 0, 40;
    %jmp T_19.21;
T_19.18 ;
    %pushi/vec4 20047, 0, 32; draw_string_vec4
    %pushi/vec4 82, 0, 8; draw_string_vec4
    %concat/vec4; draw_string_vec4
    %store/vec4 v0000021553444dd0_0, 0, 40;
    %jmp T_19.21;
T_19.19 ;
    %pushi/vec4 21324, 0, 32; draw_string_vec4
    %pushi/vec4 84, 0, 8; draw_string_vec4
    %concat/vec4; draw_string_vec4
    %store/vec4 v0000021553444dd0_0, 0, 40;
    %jmp T_19.21;
T_19.21 ;
    %pop/vec4 1;
    %jmp T_19.9;
T_19.3 ;
    %pushi/vec4 76, 0, 32; draw_string_vec4
    %pushi/vec4 87, 0, 8; draw_string_vec4
    %concat/vec4; draw_string_vec4
    %store/vec4 v0000021553444dd0_0, 0, 40;
    %jmp T_19.9;
T_19.4 ;
    %pushi/vec4 83, 0, 32; draw_string_vec4
    %pushi/vec4 87, 0, 8; draw_string_vec4
    %concat/vec4; draw_string_vec4
    %store/vec4 v0000021553444dd0_0, 0, 40;
    %jmp T_19.9;
T_19.5 ;
    %pushi/vec4 16965, 0, 32; draw_string_vec4
    %pushi/vec4 81, 0, 8; draw_string_vec4
    %concat/vec4; draw_string_vec4
    %store/vec4 v0000021553444dd0_0, 0, 40;
    %jmp T_19.9;
T_19.6 ;
    %pushi/vec4 16974, 0, 32; draw_string_vec4
    %pushi/vec4 69, 0, 8; draw_string_vec4
    %concat/vec4; draw_string_vec4
    %store/vec4 v0000021553444dd0_0, 0, 40;
    %jmp T_19.9;
T_19.7 ;
    %pushi/vec4 4277316, 0, 32; draw_string_vec4
    %pushi/vec4 73, 0, 8; draw_string_vec4
    %concat/vec4; draw_string_vec4
    %store/vec4 v0000021553444dd0_0, 0, 40;
    %jmp T_19.9;
T_19.9 ;
    %pop/vec4 1;
T_19.1 ;
    %jmp T_19;
    .thread T_19, $push;
    .scope S_00000215532ec2d0;
T_20 ;
    %wait E_000002155336b330;
    %load/vec4 v0000021553445b90_0;
    %cmpi/e 0, 0, 32;
    %jmp/0xz  T_20.0, 4;
    %pushi/vec4 11565, 0, 32; draw_string_vec4
    %pushi/vec4 45, 0, 8; draw_string_vec4
    %concat/vec4; draw_string_vec4
    %store/vec4 v0000021553444e70_0, 0, 40;
    %jmp T_20.1;
T_20.0 ;
    %load/vec4 v0000021553445b90_0;
    %parti/s 6, 26, 6;
    %dup/vec4;
    %pushi/vec4 0, 0, 6;
    %cmp/u;
    %jmp/1 T_20.2, 6;
    %dup/vec4;
    %pushi/vec4 35, 0, 6;
    %cmp/u;
    %jmp/1 T_20.3, 6;
    %dup/vec4;
    %pushi/vec4 43, 0, 6;
    %cmp/u;
    %jmp/1 T_20.4, 6;
    %dup/vec4;
    %pushi/vec4 4, 0, 6;
    %cmp/u;
    %jmp/1 T_20.5, 6;
    %dup/vec4;
    %pushi/vec4 5, 0, 6;
    %cmp/u;
    %jmp/1 T_20.6, 6;
    %dup/vec4;
    %pushi/vec4 8, 0, 6;
    %cmp/u;
    %jmp/1 T_20.7, 6;
    %pushi/vec4 11565, 0, 32; draw_string_vec4
    %pushi/vec4 45, 0, 8; draw_string_vec4
    %concat/vec4; draw_string_vec4
    %store/vec4 v0000021553444e70_0, 0, 40;
    %jmp T_20.9;
T_20.2 ;
    %load/vec4 v0000021553445b90_0;
    %parti/s 6, 0, 2;
    %dup/vec4;
    %pushi/vec4 0, 0, 6;
    %cmp/u;
    %jmp/1 T_20.10, 6;
    %dup/vec4;
    %pushi/vec4 2, 0, 6;
    %cmp/u;
    %jmp/1 T_20.11, 6;
    %dup/vec4;
    %pushi/vec4 4, 0, 6;
    %cmp/u;
    %jmp/1 T_20.12, 6;
    %dup/vec4;
    %pushi/vec4 6, 0, 6;
    %cmp/u;
    %jmp/1 T_20.13, 6;
    %dup/vec4;
    %pushi/vec4 32, 0, 6;
    %cmp/u;
    %jmp/1 T_20.14, 6;
    %dup/vec4;
    %pushi/vec4 34, 0, 6;
    %cmp/u;
    %jmp/1 T_20.15, 6;
    %dup/vec4;
    %pushi/vec4 36, 0, 6;
    %cmp/u;
    %jmp/1 T_20.16, 6;
    %dup/vec4;
    %pushi/vec4 37, 0, 6;
    %cmp/u;
    %jmp/1 T_20.17, 6;
    %dup/vec4;
    %pushi/vec4 39, 0, 6;
    %cmp/u;
    %jmp/1 T_20.18, 6;
    %dup/vec4;
    %pushi/vec4 42, 0, 6;
    %cmp/u;
    %jmp/1 T_20.19, 6;
    %pushi/vec4 11565, 0, 32; draw_string_vec4
    %pushi/vec4 45, 0, 8; draw_string_vec4
    %concat/vec4; draw_string_vec4
    %store/vec4 v0000021553444e70_0, 0, 40;
    %jmp T_20.21;
T_20.10 ;
    %pushi/vec4 21324, 0, 32; draw_string_vec4
    %pushi/vec4 76, 0, 8; draw_string_vec4
    %concat/vec4; draw_string_vec4
    %store/vec4 v0000021553444e70_0, 0, 40;
    %jmp T_20.21;
T_20.11 ;
    %pushi/vec4 21330, 0, 32; draw_string_vec4
    %pushi/vec4 76, 0, 8; draw_string_vec4
    %concat/vec4; draw_string_vec4
    %store/vec4 v0000021553444e70_0, 0, 40;
    %jmp T_20.21;
T_20.12 ;
    %pushi/vec4 5459020, 0, 32; draw_string_vec4
    %pushi/vec4 86, 0, 8; draw_string_vec4
    %concat/vec4; draw_string_vec4
    %store/vec4 v0000021553444e70_0, 0, 40;
    %jmp T_20.21;
T_20.13 ;
    %pushi/vec4 5460556, 0, 32; draw_string_vec4
    %pushi/vec4 86, 0, 8; draw_string_vec4
    %concat/vec4; draw_string_vec4
    %store/vec4 v0000021553444e70_0, 0, 40;
    %jmp T_20.21;
T_20.14 ;
    %pushi/vec4 16708, 0, 32; draw_string_vec4
    %pushi/vec4 68, 0, 8; draw_string_vec4
    %concat/vec4; draw_string_vec4
    %store/vec4 v0000021553444e70_0, 0, 40;
    %jmp T_20.21;
T_20.15 ;
    %pushi/vec4 21333, 0, 32; draw_string_vec4
    %pushi/vec4 66, 0, 8; draw_string_vec4
    %concat/vec4; draw_string_vec4
    %store/vec4 v0000021553444e70_0, 0, 40;
    %jmp T_20.21;
T_20.16 ;
    %pushi/vec4 16718, 0, 32; draw_string_vec4
    %pushi/vec4 68, 0, 8; draw_string_vec4
    %concat/vec4; draw_string_vec4
    %store/vec4 v0000021553444e70_0, 0, 40;
    %jmp T_20.21;
T_20.17 ;
    %pushi/vec4 79, 0, 32; draw_string_vec4
    %pushi/vec4 82, 0, 8; draw_string_vec4
    %concat/vec4; draw_string_vec4
    %store/vec4 v0000021553444e70_0, 0, 40;
    %jmp T_20.21;
T_20.18 ;
    %pushi/vec4 20047, 0, 32; draw_string_vec4
    %pushi/vec4 82, 0, 8; draw_string_vec4
    %concat/vec4; draw_string_vec4
    %store/vec4 v0000021553444e70_0, 0, 40;
    %jmp T_20.21;
T_20.19 ;
    %pushi/vec4 21324, 0, 32; draw_string_vec4
    %pushi/vec4 84, 0, 8; draw_string_vec4
    %concat/vec4; draw_string_vec4
    %store/vec4 v0000021553444e70_0, 0, 40;
    %jmp T_20.21;
T_20.21 ;
    %pop/vec4 1;
    %jmp T_20.9;
T_20.3 ;
    %pushi/vec4 76, 0, 32; draw_string_vec4
    %pushi/vec4 87, 0, 8; draw_string_vec4
    %concat/vec4; draw_string_vec4
    %store/vec4 v0000021553444e70_0, 0, 40;
    %jmp T_20.9;
T_20.4 ;
    %pushi/vec4 83, 0, 32; draw_string_vec4
    %pushi/vec4 87, 0, 8; draw_string_vec4
    %concat/vec4; draw_string_vec4
    %store/vec4 v0000021553444e70_0, 0, 40;
    %jmp T_20.9;
T_20.5 ;
    %pushi/vec4 16965, 0, 32; draw_string_vec4
    %pushi/vec4 81, 0, 8; draw_string_vec4
    %concat/vec4; draw_string_vec4
    %store/vec4 v0000021553444e70_0, 0, 40;
    %jmp T_20.9;
T_20.6 ;
    %pushi/vec4 16974, 0, 32; draw_string_vec4
    %pushi/vec4 69, 0, 8; draw_string_vec4
    %concat/vec4; draw_string_vec4
    %store/vec4 v0000021553444e70_0, 0, 40;
    %jmp T_20.9;
T_20.7 ;
    %pushi/vec4 4277316, 0, 32; draw_string_vec4
    %pushi/vec4 73, 0, 8; draw_string_vec4
    %concat/vec4; draw_string_vec4
    %store/vec4 v0000021553444e70_0, 0, 40;
    %jmp T_20.9;
T_20.9 ;
    %pop/vec4 1;
T_20.1 ;
    %jmp T_20;
    .thread T_20, $push;
    .scope S_00000215532ec460;
T_21 ;
    %wait E_000002155336b370;
    %load/vec4 v0000021553445690_0;
    %cmpi/e 0, 0, 32;
    %jmp/0xz  T_21.0, 4;
    %pushi/vec4 11565, 0, 32; draw_string_vec4
    %pushi/vec4 45, 0, 8; draw_string_vec4
    %concat/vec4; draw_string_vec4
    %store/vec4 v0000021553445c30_0, 0, 40;
    %jmp T_21.1;
T_21.0 ;
    %load/vec4 v0000021553445690_0;
    %parti/s 6, 26, 6;
    %dup/vec4;
    %pushi/vec4 0, 0, 6;
    %cmp/u;
    %jmp/1 T_21.2, 6;
    %dup/vec4;
    %pushi/vec4 35, 0, 6;
    %cmp/u;
    %jmp/1 T_21.3, 6;
    %dup/vec4;
    %pushi/vec4 43, 0, 6;
    %cmp/u;
    %jmp/1 T_21.4, 6;
    %dup/vec4;
    %pushi/vec4 4, 0, 6;
    %cmp/u;
    %jmp/1 T_21.5, 6;
    %dup/vec4;
    %pushi/vec4 5, 0, 6;
    %cmp/u;
    %jmp/1 T_21.6, 6;
    %dup/vec4;
    %pushi/vec4 8, 0, 6;
    %cmp/u;
    %jmp/1 T_21.7, 6;
    %pushi/vec4 11565, 0, 32; draw_string_vec4
    %pushi/vec4 45, 0, 8; draw_string_vec4
    %concat/vec4; draw_string_vec4
    %store/vec4 v0000021553445c30_0, 0, 40;
    %jmp T_21.9;
T_21.2 ;
    %load/vec4 v0000021553445690_0;
    %parti/s 6, 0, 2;
    %dup/vec4;
    %pushi/vec4 0, 0, 6;
    %cmp/u;
    %jmp/1 T_21.10, 6;
    %dup/vec4;
    %pushi/vec4 2, 0, 6;
    %cmp/u;
    %jmp/1 T_21.11, 6;
    %dup/vec4;
    %pushi/vec4 4, 0, 6;
    %cmp/u;
    %jmp/1 T_21.12, 6;
    %dup/vec4;
    %pushi/vec4 6, 0, 6;
    %cmp/u;
    %jmp/1 T_21.13, 6;
    %dup/vec4;
    %pushi/vec4 32, 0, 6;
    %cmp/u;
    %jmp/1 T_21.14, 6;
    %dup/vec4;
    %pushi/vec4 34, 0, 6;
    %cmp/u;
    %jmp/1 T_21.15, 6;
    %dup/vec4;
    %pushi/vec4 36, 0, 6;
    %cmp/u;
    %jmp/1 T_21.16, 6;
    %dup/vec4;
    %pushi/vec4 37, 0, 6;
    %cmp/u;
    %jmp/1 T_21.17, 6;
    %dup/vec4;
    %pushi/vec4 39, 0, 6;
    %cmp/u;
    %jmp/1 T_21.18, 6;
    %dup/vec4;
    %pushi/vec4 42, 0, 6;
    %cmp/u;
    %jmp/1 T_21.19, 6;
    %pushi/vec4 11565, 0, 32; draw_string_vec4
    %pushi/vec4 45, 0, 8; draw_string_vec4
    %concat/vec4; draw_string_vec4
    %store/vec4 v0000021553445c30_0, 0, 40;
    %jmp T_21.21;
T_21.10 ;
    %pushi/vec4 21324, 0, 32; draw_string_vec4
    %pushi/vec4 76, 0, 8; draw_string_vec4
    %concat/vec4; draw_string_vec4
    %store/vec4 v0000021553445c30_0, 0, 40;
    %jmp T_21.21;
T_21.11 ;
    %pushi/vec4 21330, 0, 32; draw_string_vec4
    %pushi/vec4 76, 0, 8; draw_string_vec4
    %concat/vec4; draw_string_vec4
    %store/vec4 v0000021553445c30_0, 0, 40;
    %jmp T_21.21;
T_21.12 ;
    %pushi/vec4 5459020, 0, 32; draw_string_vec4
    %pushi/vec4 86, 0, 8; draw_string_vec4
    %concat/vec4; draw_string_vec4
    %store/vec4 v0000021553445c30_0, 0, 40;
    %jmp T_21.21;
T_21.13 ;
    %pushi/vec4 5460556, 0, 32; draw_string_vec4
    %pushi/vec4 86, 0, 8; draw_string_vec4
    %concat/vec4; draw_string_vec4
    %store/vec4 v0000021553445c30_0, 0, 40;
    %jmp T_21.21;
T_21.14 ;
    %pushi/vec4 16708, 0, 32; draw_string_vec4
    %pushi/vec4 68, 0, 8; draw_string_vec4
    %concat/vec4; draw_string_vec4
    %store/vec4 v0000021553445c30_0, 0, 40;
    %jmp T_21.21;
T_21.15 ;
    %pushi/vec4 21333, 0, 32; draw_string_vec4
    %pushi/vec4 66, 0, 8; draw_string_vec4
    %concat/vec4; draw_string_vec4
    %store/vec4 v0000021553445c30_0, 0, 40;
    %jmp T_21.21;
T_21.16 ;
    %pushi/vec4 16718, 0, 32; draw_string_vec4
    %pushi/vec4 68, 0, 8; draw_string_vec4
    %concat/vec4; draw_string_vec4
    %store/vec4 v0000021553445c30_0, 0, 40;
    %jmp T_21.21;
T_21.17 ;
    %pushi/vec4 79, 0, 32; draw_string_vec4
    %pushi/vec4 82, 0, 8; draw_string_vec4
    %concat/vec4; draw_string_vec4
    %store/vec4 v0000021553445c30_0, 0, 40;
    %jmp T_21.21;
T_21.18 ;
    %pushi/vec4 20047, 0, 32; draw_string_vec4
    %pushi/vec4 82, 0, 8; draw_string_vec4
    %concat/vec4; draw_string_vec4
    %store/vec4 v0000021553445c30_0, 0, 40;
    %jmp T_21.21;
T_21.19 ;
    %pushi/vec4 21324, 0, 32; draw_string_vec4
    %pushi/vec4 84, 0, 8; draw_string_vec4
    %concat/vec4; draw_string_vec4
    %store/vec4 v0000021553445c30_0, 0, 40;
    %jmp T_21.21;
T_21.21 ;
    %pop/vec4 1;
    %jmp T_21.9;
T_21.3 ;
    %pushi/vec4 76, 0, 32; draw_string_vec4
    %pushi/vec4 87, 0, 8; draw_string_vec4
    %concat/vec4; draw_string_vec4
    %store/vec4 v0000021553445c30_0, 0, 40;
    %jmp T_21.9;
T_21.4 ;
    %pushi/vec4 83, 0, 32; draw_string_vec4
    %pushi/vec4 87, 0, 8; draw_string_vec4
    %concat/vec4; draw_string_vec4
    %store/vec4 v0000021553445c30_0, 0, 40;
    %jmp T_21.9;
T_21.5 ;
    %pushi/vec4 16965, 0, 32; draw_string_vec4
    %pushi/vec4 81, 0, 8; draw_string_vec4
    %concat/vec4; draw_string_vec4
    %store/vec4 v0000021553445c30_0, 0, 40;
    %jmp T_21.9;
T_21.6 ;
    %pushi/vec4 16974, 0, 32; draw_string_vec4
    %pushi/vec4 69, 0, 8; draw_string_vec4
    %concat/vec4; draw_string_vec4
    %store/vec4 v0000021553445c30_0, 0, 40;
    %jmp T_21.9;
T_21.7 ;
    %pushi/vec4 4277316, 0, 32; draw_string_vec4
    %pushi/vec4 73, 0, 8; draw_string_vec4
    %concat/vec4; draw_string_vec4
    %store/vec4 v0000021553445c30_0, 0, 40;
    %jmp T_21.9;
T_21.9 ;
    %pop/vec4 1;
T_21.1 ;
    %jmp T_21;
    .thread T_21, $push;
    .scope S_00000215532f9510;
T_22 ;
    %wait E_000002155336bfb0;
    %load/vec4 v0000021553445050_0;
    %load/vec4 v00000215534454b0_0;
    %concat/vec4; draw_concat_vec4
    %load/vec4 v0000021553445eb0_0;
    %concat/vec4; draw_concat_vec4
    %load/vec4 v0000021553445f50_0;
    %concat/vec4; draw_concat_vec4
    %split/vec4 32;
    %assign/vec4 v0000021553447990_0, 0;
    %split/vec4 32;
    %assign/vec4 v0000021553445f50_0, 0;
    %split/vec4 32;
    %assign/vec4 v0000021553445eb0_0, 0;
    %assign/vec4 v0000021553445730_0, 0;
    %jmp T_22;
    .thread T_22;
    .scope S_00000215533856e0;
T_23 ;
    %pushi/vec4 0, 0, 1;
    %store/vec4 v0000021553448250_0, 0, 1;
    %pushi/vec4 0, 0, 1;
    %store/vec4 v0000021553448610_0, 0, 1;
    %delay 42500, 0;
    %pushi/vec4 1, 0, 1;
    %store/vec4 v0000021553448610_0, 0, 1;
    %delay 400000, 0;
    %vpi_call 2 30 "$finish" {0 0 0};
    %end;
    .thread T_23;
    .scope S_00000215533856e0;
T_24 ;
    %delay 5000, 0;
    %load/vec4 v0000021553448250_0;
    %inv;
    %store/vec4 v0000021553448250_0, 0, 1;
    %jmp T_24;
    .thread T_24;
    .scope S_00000215533856e0;
T_25 ;
    %vpi_call 2 43 "$readmemh", "program.hex", v000002155343a750 {0 0 0};
    %end;
    .thread T_25;
    .scope S_00000215533856e0;
T_26 ;
    %vpi_call 2 50 "$dumpfile", "tb_dumpfile.vcd" {0 0 0};
    %vpi_call 2 51 "$dumpvars", 32'sb00000000000000000000000000000000, S_00000215533856e0 {0 0 0};
    %pushi/vec4 0, 0, 32;
    %store/vec4 v00000215534472b0_0, 0, 32;
T_26.0 ;
    %load/vec4 v00000215534472b0_0;
    %cmpi/s 32, 0, 32;
    %jmp/0xz T_26.1, 5;
    %vpi_call 2 54 "$dumpvars", 32'sb00000000000000000000000000000001, &A<v0000021553441210, v00000215534472b0_0 > {0 0 0};
    %vpi_call 2 55 "$dumpvars", 32'sb00000000000000000000000000000001, &A<v000002155343a750, v00000215534472b0_0 > {0 0 0};
    %vpi_call 2 56 "$dumpvars", 32'sb00000000000000000000000000000001, &A<v0000021553360750, v00000215534472b0_0 > {0 0 0};
    %load/vec4 v00000215534472b0_0;
    %addi 1, 0, 32;
    %store/vec4 v00000215534472b0_0, 0, 32;
    %jmp T_26.0;
T_26.1 ;
    %end;
    .thread T_26;
    .scope S_00000215533856e0;
T_27 ;
    %wait E_000002155336be30;
    %load/vec4 v0000021553443860_0;
    %cmpi/u 200, 0, 32;
    %jmp/0xz  T_27.0, 5;
    %vpi_call 2 64 "$display", "PC: %4d | %s", v0000021553443860_0, v0000021553447cb0_0 {0 0 0};
T_27.0 ;
    %jmp T_27;
    .thread T_27;
    .scope S_00000215533856e0;
T_28 ;
    %vpi_func 2 66 "$fopen" 32, "output.txt", "w" {0 0 0};
    %store/vec4 v0000021553448b10_0, 0, 32;
    %end;
    .thread T_28;
    .scope S_00000215533856e0;
T_29 ;
    %wait E_000002155336be30;
    %load/vec4 v0000021553443860_0;
    %assign/vec4 v0000021553447fd0_0, 0;
    %load/vec4 v0000021553447fd0_0;
    %cmpi/e 40, 0, 32;
    %flag_get/vec4 4;
    %jmp/0 T_29.2, 4;
    %load/vec4 v0000021553443860_0;
    %pushi/vec4 40, 0, 32;
    %cmp/e;
    %flag_get/vec4 4;
    %and;
T_29.2;
    %flag_set/vec4 8;
    %jmp/0xz  T_29.0, 8;
    %vpi_call 2 73 "$fwrite", v0000021553448b10_0, "STALL @AND\012" {0 0 0};
    %jmp T_29.1;
T_29.0 ;
    %load/vec4 v0000021553447fd0_0;
    %cmpi/e 60, 0, 32;
    %flag_get/vec4 4;
    %jmp/0 T_29.5, 4;
    %load/vec4 v0000021553443860_0;
    %pushi/vec4 60, 0, 32;
    %cmp/e;
    %flag_get/vec4 4;
    %and;
T_29.5;
    %flag_set/vec4 8;
    %jmp/0xz  T_29.3, 8;
    %vpi_call 2 74 "$fwrite", v0000021553448b10_0, "STALL @SLL\012" {0 0 0};
    %jmp T_29.4;
T_29.3 ;
    %delay 1000, 0;
    %load/vec4 v0000021553443860_0;
    %dup/vec4;
    %pushi/vec4 16, 0, 32;
    %cmp/u;
    %jmp/1 T_29.6, 6;
    %dup/vec4;
    %pushi/vec4 20, 0, 32;
    %cmp/u;
    %jmp/1 T_29.7, 6;
    %dup/vec4;
    %pushi/vec4 24, 0, 32;
    %cmp/u;
    %jmp/1 T_29.8, 6;
    %dup/vec4;
    %pushi/vec4 28, 0, 32;
    %cmp/u;
    %jmp/1 T_29.9, 6;
    %dup/vec4;
    %pushi/vec4 32, 0, 32;
    %cmp/u;
    %jmp/1 T_29.10, 6;
    %dup/vec4;
    %pushi/vec4 36, 0, 32;
    %cmp/u;
    %jmp/1 T_29.11, 6;
    %dup/vec4;
    %pushi/vec4 40, 0, 32;
    %cmp/u;
    %jmp/1 T_29.12, 6;
    %dup/vec4;
    %pushi/vec4 44, 0, 32;
    %cmp/u;
    %jmp/1 T_29.13, 6;
    %dup/vec4;
    %pushi/vec4 48, 0, 32;
    %cmp/u;
    %jmp/1 T_29.14, 6;
    %dup/vec4;
    %pushi/vec4 52, 0, 32;
    %cmp/u;
    %jmp/1 T_29.15, 6;
    %dup/vec4;
    %pushi/vec4 56, 0, 32;
    %cmp/u;
    %jmp/1 T_29.16, 6;
    %dup/vec4;
    %pushi/vec4 60, 0, 32;
    %cmp/u;
    %jmp/1 T_29.17, 6;
    %dup/vec4;
    %pushi/vec4 64, 0, 32;
    %cmp/u;
    %jmp/1 T_29.18, 6;
    %dup/vec4;
    %pushi/vec4 68, 0, 32;
    %cmp/u;
    %jmp/1 T_29.19, 6;
    %dup/vec4;
    %pushi/vec4 72, 0, 32;
    %cmp/u;
    %jmp/1 T_29.20, 6;
    %dup/vec4;
    %pushi/vec4 76, 0, 32;
    %cmp/u;
    %jmp/1 T_29.21, 6;
    %dup/vec4;
    %pushi/vec4 80, 0, 32;
    %cmp/u;
    %jmp/1 T_29.22, 6;
    %dup/vec4;
    %pushi/vec4 88, 0, 32;
    %cmp/u;
    %jmp/1 T_29.23, 6;
    %jmp T_29.24;
T_29.6 ;
    %ix/load 4, 8, 0;
    %flag_set/imm 4, 0;
    %load/vec4a v0000021553441210, 4;
    %cmpi/e 24, 0, 32;
    %flag_mov 8, 4;
    %jmp/0 T_29.25, 8;
    %pushi/vec4 1346458451, 0, 32; draw_string_vec4
    %jmp/1 T_29.26, 8;
T_29.25 ; End of true expr.
    %pushi/vec4 1178683724, 0, 32; draw_string_vec4
    %jmp/0 T_29.26, 8;
 ; End of false expr.
    %blend;
T_29.26;
    %vpi_call 2 77 "$fwrite", v0000021553448b10_0, "add $t0, $t0, $s0  : %s\012", S<0,vec4,u32> {1 0 0};
    %jmp T_29.24;
T_29.7 ;
    %ix/load 4, 14, 0;
    %flag_set/imm 4, 0;
    %load/vec4a v0000021553360750, 4;
    %cmpi/e 31, 0, 32;
    %flag_mov 8, 4;
    %jmp/0 T_29.27, 8;
    %pushi/vec4 1346458451, 0, 32; draw_string_vec4
    %jmp/1 T_29.28, 8;
T_29.27 ; End of true expr.
    %pushi/vec4 1178683724, 0, 32; draw_string_vec4
    %jmp/0 T_29.28, 8;
 ; End of false expr.
    %blend;
T_29.28;
    %vpi_call 2 78 "$fwrite", v0000021553448b10_0, "sw $ra, 4($t2)     : %s\012", S<0,vec4,u32> {1 0 0};
    %jmp T_29.24;
T_29.8 ;
    %ix/load 4, 13, 0;
    %flag_set/imm 4, 0;
    %load/vec4a v0000021553441210, 4;
    %cmpi/e 31, 0, 32;
    %flag_mov 8, 4;
    %jmp/0 T_29.29, 8;
    %pushi/vec4 1346458451, 0, 32; draw_string_vec4
    %jmp/1 T_29.30, 8;
T_29.29 ; End of true expr.
    %pushi/vec4 1178683724, 0, 32; draw_string_vec4
    %jmp/0 T_29.30, 8;
 ; End of false expr.
    %blend;
T_29.30;
    %vpi_call 2 79 "$fwrite", v0000021553448b10_0, "lw $t5, 4($t2)     : %s\012", S<0,vec4,u32> {1 0 0};
    %jmp T_29.24;
T_29.9 ;
    %ix/load 4, 9, 0;
    %flag_set/imm 4, 0;
    %load/vec4a v0000021553441210, 4;
    %cmpi/e 5, 0, 32;
    %flag_mov 8, 4;
    %jmp/0 T_29.31, 8;
    %pushi/vec4 1346458451, 0, 32; draw_string_vec4
    %jmp/1 T_29.32, 8;
T_29.31 ; End of true expr.
    %pushi/vec4 1178683724, 0, 32; draw_string_vec4
    %jmp/0 T_29.32, 8;
 ; End of false expr.
    %blend;
T_29.32;
    %vpi_call 2 80 "$fwrite", v0000021553448b10_0, "sub $t1, $t1, $a0  : %s\012", S<0,vec4,u32> {1 0 0};
    %jmp T_29.24;
T_29.10 ;
    %ix/load 4, 14, 0;
    %flag_set/imm 4, 0;
    %load/vec4a v0000021553441210, 4;
    %cmpi/e 31, 0, 32;
    %flag_mov 8, 4;
    %jmp/0 T_29.33, 8;
    %pushi/vec4 1346458451, 0, 32; draw_string_vec4
    %jmp/1 T_29.34, 8;
T_29.33 ; End of true expr.
    %pushi/vec4 1178683724, 0, 32; draw_string_vec4
    %jmp/0 T_29.34, 8;
 ; End of false expr.
    %blend;
T_29.34;
    %vpi_call 2 81 "$fwrite", v0000021553448b10_0, "or $t6, $t7, $t5   : %s\012", S<0,vec4,u32> {1 0 0};
    %jmp T_29.24;
T_29.11 ;
    %ix/load 4, 19, 0;
    %flag_set/imm 4, 0;
    %load/vec4a v0000021553441210, 4;
    %cmpi/e 16, 0, 32;
    %flag_mov 8, 4;
    %jmp/0 T_29.35, 8;
    %pushi/vec4 1346458451, 0, 32; draw_string_vec4
    %jmp/1 T_29.36, 8;
T_29.35 ; End of true expr.
    %pushi/vec4 1178683724, 0, 32; draw_string_vec4
    %jmp/0 T_29.36, 8;
 ; End of false expr.
    %blend;
T_29.36;
    %vpi_call 2 82 "$fwrite", v0000021553448b10_0, "and $s3, $s0, $s2  : %s\012", S<0,vec4,u32> {1 0 0};
    %jmp T_29.24;
T_29.12 ;
    %ix/load 4, 14, 0;
    %flag_set/imm 4, 0;
    %load/vec4a v0000021553441210, 4;
    %cmpi/e 31, 0, 32;
    %flag_mov 8, 4;
    %jmp/0 T_29.37, 8;
    %pushi/vec4 1346458451, 0, 32; draw_string_vec4
    %jmp/1 T_29.38, 8;
T_29.37 ; End of true expr.
    %pushi/vec4 1178683724, 0, 32; draw_string_vec4
    %jmp/0 T_29.38, 8;
 ; End of false expr.
    %blend;
T_29.38;
    %vpi_call 2 83 "$fwrite", v0000021553448b10_0, "lw $t6, 4($t2)     : %s\012", S<0,vec4,u32> {1 0 0};
    %jmp T_29.24;
T_29.13 ;
    %ix/load 4, 18, 0;
    %flag_set/imm 4, 0;
    %load/vec4a v0000021553360750, 4;
    %cmpi/e 28, 0, 32;
    %flag_mov 8, 4;
    %jmp/0 T_29.39, 8;
    %pushi/vec4 1346458451, 0, 32; draw_string_vec4
    %jmp/1 T_29.40, 8;
T_29.39 ; End of true expr.
    %pushi/vec4 1178683724, 0, 32; draw_string_vec4
    %jmp/0 T_29.40, 8;
 ; End of false expr.
    %blend;
T_29.40;
    %vpi_call 2 84 "$fwrite", v0000021553448b10_0, "sw $gp, 8($t2)     : %s\012", S<0,vec4,u32> {1 0 0};
    %jmp T_29.24;
T_29.14 ;
    %ix/load 4, 2, 0;
    %flag_set/imm 4, 0;
    %load/vec4a v0000021553441210, 4;
    %cmpi/e 28, 0, 32;
    %flag_mov 8, 4;
    %jmp/0 T_29.41, 8;
    %pushi/vec4 1346458451, 0, 32; draw_string_vec4
    %jmp/1 T_29.42, 8;
T_29.41 ; End of true expr.
    %pushi/vec4 1178683724, 0, 32; draw_string_vec4
    %jmp/0 T_29.42, 8;
 ; End of false expr.
    %blend;
T_29.42;
    %vpi_call 2 85 "$fwrite", v0000021553448b10_0, "lw $v0, 8($t2)     : %s\012", S<0,vec4,u32> {1 0 0};
    %jmp T_29.24;
T_29.15 ;
    %ix/load 4, 4, 0;
    %flag_set/imm 4, 0;
    %load/vec4a v0000021553441210, 4;
    %cmpi/e 28, 0, 32;
    %flag_mov 8, 4;
    %jmp/0 T_29.43, 8;
    %pushi/vec4 1346458451, 0, 32; draw_string_vec4
    %jmp/1 T_29.44, 8;
T_29.43 ; End of true expr.
    %pushi/vec4 1178683724, 0, 32; draw_string_vec4
    %jmp/0 T_29.44, 8;
 ; End of false expr.
    %blend;
T_29.44;
    %vpi_call 2 86 "$fwrite", v0000021553448b10_0, "and $a0, $v0, $t5  : %s\012", S<0,vec4,u32> {1 0 0};
    %jmp T_29.24;
T_29.16 ;
    %ix/load 4, 4, 0;
    %flag_set/imm 4, 0;
    %load/vec4a v0000021553441210, 4;
    %cmpi/e 28, 0, 32;
    %flag_mov 8, 4;
    %jmp/0 T_29.45, 8;
    %pushi/vec4 1346458451, 0, 32; draw_string_vec4
    %jmp/1 T_29.46, 8;
T_29.45 ; End of true expr.
    %pushi/vec4 1178683724, 0, 32; draw_string_vec4
    %jmp/0 T_29.46, 8;
 ; End of false expr.
    %blend;
T_29.46;
    %vpi_call 2 87 "$fwrite", v0000021553448b10_0, "or $a0, $a0, $t0   : %s\012", S<0,vec4,u32> {1 0 0};
    %jmp T_29.24;
T_29.17 ;
    %ix/load 4, 9, 0;
    %flag_set/imm 4, 0;
    %load/vec4a v0000021553441210, 4;
    %cmpi/e 56, 0, 32;
    %flag_mov 8, 4;
    %jmp/0 T_29.47, 8;
    %pushi/vec4 1346458451, 0, 32; draw_string_vec4
    %jmp/1 T_29.48, 8;
T_29.47 ; End of true expr.
    %pushi/vec4 1178683724, 0, 32; draw_string_vec4
    %jmp/0 T_29.48, 8;
 ; End of false expr.
    %blend;
T_29.48;
    %vpi_call 2 88 "$fwrite", v0000021553448b10_0, "add $t1, $a0, $v0  : %s\012", S<0,vec4,u32> {1 0 0};
    %jmp T_29.24;
T_29.18 ;
    %ix/load 4, 29, 0;
    %flag_set/imm 4, 0;
    %load/vec4a v0000021553441210, 4;
    %cmpi/e 1, 0, 32;
    %flag_mov 8, 4;
    %jmp/0 T_29.49, 8;
    %pushi/vec4 1346458451, 0, 32; draw_string_vec4
    %jmp/1 T_29.50, 8;
T_29.49 ; End of true expr.
    %pushi/vec4 1178683724, 0, 32; draw_string_vec4
    %jmp/0 T_29.50, 8;
 ; End of false expr.
    %blend;
T_29.50;
    %vpi_call 2 89 "$fwrite", v0000021553448b10_0, "slt $sp, $a0, $t1  : %s\012", S<0,vec4,u32> {1 0 0};
    %jmp T_29.24;
T_29.19 ;
    %ix/load 4, 2, 0;
    %flag_set/imm 4, 0;
    %load/vec4a v0000021553441210, 4;
    %cmpi/e 28, 0, 32;
    %flag_mov 8, 4;
    %jmp/0 T_29.51, 8;
    %pushi/vec4 1346458451, 0, 32; draw_string_vec4
    %jmp/1 T_29.52, 8;
T_29.51 ; End of true expr.
    %pushi/vec4 1178683724, 0, 32; draw_string_vec4
    %jmp/0 T_29.52, 8;
 ; End of false expr.
    %blend;
T_29.52;
    %vpi_call 2 90 "$fwrite", v0000021553448b10_0, "lw $v0, 8($t2)     : %s\012", S<0,vec4,u32> {1 0 0};
    %jmp T_29.24;
T_29.20 ;
    %ix/load 4, 20, 0;
    %flag_set/imm 4, 0;
    %load/vec4a v0000021553441210, 4;
    %cmpi/e 114688, 0, 32;
    %flag_mov 8, 4;
    %jmp/0 T_29.53, 8;
    %pushi/vec4 1346458451, 0, 32; draw_string_vec4
    %jmp/1 T_29.54, 8;
T_29.53 ; End of true expr.
    %pushi/vec4 1178683724, 0, 32; draw_string_vec4
    %jmp/0 T_29.54, 8;
 ; End of false expr.
    %blend;
T_29.54;
    %vpi_call 2 91 "$fwrite", v0000021553448b10_0, "sll $s4, $v0, 12   : %s\012", S<0,vec4,u32> {1 0 0};
    %jmp T_29.24;
T_29.21 ;
    %ix/load 4, 22, 0;
    %flag_set/imm 4, 0;
    %load/vec4a v0000021553441210, 4;
    %cmpi/e 229376, 0, 32;
    %flag_mov 8, 4;
    %jmp/0 T_29.55, 8;
    %pushi/vec4 1346458451, 0, 32; draw_string_vec4
    %jmp/1 T_29.56, 8;
T_29.55 ; End of true expr.
    %pushi/vec4 1178683724, 0, 32; draw_string_vec4
    %jmp/0 T_29.56, 8;
 ; End of false expr.
    %blend;
T_29.56;
    %vpi_call 2 92 "$fwrite", v0000021553448b10_0, "sllv $s6, $s4, $sp : %s\012", S<0,vec4,u32> {1 0 0};
    %jmp T_29.24;
T_29.22 ;
    %ix/load 4, 22, 0;
    %flag_set/imm 4, 0;
    %load/vec4a v0000021553441210, 4;
    %cmpi/e 229276, 0, 32;
    %flag_mov 8, 4;
    %jmp/0 T_29.57, 8;
    %pushi/vec4 1346458451, 0, 32; draw_string_vec4
    %jmp/1 T_29.58, 8;
T_29.57 ; End of true expr.
    %pushi/vec4 1178683724, 0, 32; draw_string_vec4
    %jmp/0 T_29.58, 8;
 ; End of false expr.
    %blend;
T_29.58;
    %vpi_call 2 93 "$fwrite", v0000021553448b10_0, "addi $s6, $s6, -100: %s\012", S<0,vec4,u32> {1 0 0};
    %jmp T_29.24;
T_29.23 ;
    %vpi_call 2 94 "$fclose", v0000021553448b10_0 {0 0 0};
    %jmp T_29.24;
T_29.24 ;
    %pop/vec4 1;
T_29.4 ;
T_29.1 ;
    %jmp T_29;
    .thread T_29;
# The file index is used to find the file name in the following table.
:file_names 6;
    "N/A";
    "<interactive>";
    "testbench.v";
    "cpu.v";
    "control.v";
    "library.v";
